{"/home/akash/Documents/projects/React JS/testing--01-finished/src/App.js": {"path":"/home/akash/Documents/projects/React JS/testing--01-finished/src/App.js","statementMap":{"0":{"start":{"line":1,"column":13},"end":{"line":1,"column":75}},"1":{"start":{"line":1,"column":94},"end":{"line":1,"column":167}},"2":{"start":{"line":1,"column":181},"end":{"line":1,"column":197}},"3":{"start":{"line":1,"column":212},"end":{"line":1,"column":242}},"4":{"start":{"line":2,"column":22},"end":{"line":2,"column":49}},"5":{"start":{"line":3,"column":18},"end":{"line":3,"column":40}},"6":{"start":{"line":4,"column":22},"end":{"line":4,"column":68}},"7":{"start":{"line":4,"column":92},"end":{"line":4,"column":131}},"8":{"start":{"line":6,"column":14},"end":{"line":6,"column":44}},"9":{"start":{"line":6,"column":60},"end":{"line":6,"column":91}},"10":{"start":{"line":7,"column":21},"end":{"line":7,"column":72}},"11":{"start":{"line":7,"column":95},"end":{"line":7,"column":133}},"12":{"start":{"line":8,"column":14},"end":{"line":8,"column":56}},"13":{"start":{"line":8,"column":72},"end":{"line":8,"column":103}},"14":{"start":{"line":9,"column":13},"end":{"line":9,"column":45}},"15":{"start":{"line":9,"column":60},"end":{"line":9,"column":91}},"16":{"start":{"line":9,"column":131},"end":{"line":9,"column":347}},"17":{"start":{"line":9,"column":159},"end":{"line":9,"column":170}},"18":{"start":{"line":9,"column":191},"end":{"line":9,"column":193}},"19":{"start":{"line":9,"column":194},"end":{"line":9,"column":311}},"20":{"start":{"line":9,"column":212},"end":{"line":9,"column":310}},"21":{"start":{"line":9,"column":234},"end":{"line":9,"column":309}},"22":{"start":{"line":9,"column":286},"end":{"line":9,"column":309}},"23":{"start":{"line":9,"column":311},"end":{"line":9,"column":332}},"24":{"start":{"line":9,"column":332},"end":{"line":9,"column":346}},"25":{"start":{"line":9,"column":386},"end":{"line":9,"column":440}},"26":{"start":{"line":11,"column":22},"end":{"line":13,"column":2}},"27":{"start":{"line":12,"column":2},"end":{"line":12,"column":81}},"28":{"start":{"line":12,"column":38},"end":{"line":12,"column":79}},"29":{"start":{"line":15,"column":20},"end":{"line":17,"column":2}},"30":{"start":{"line":16,"column":2},"end":{"line":16,"column":77}},"31":{"start":{"line":16,"column":38},"end":{"line":16,"column":75}},"32":{"start":{"line":19,"column":18},"end":{"line":21,"column":2}},"33":{"start":{"line":20,"column":2},"end":{"line":20,"column":73}},"34":{"start":{"line":20,"column":38},"end":{"line":20,"column":71}},"35":{"start":{"line":25,"column":4},"end":{"line":25,"column":33}},"36":{"start":{"line":30,"column":4},"end":{"line":33,"column":143}},"37":{"start":{"line":37,"column":4},"end":{"line":48,"column":5}},"38":{"start":{"line":38,"column":6},"end":{"line":45,"column":146}},"39":{"start":{"line":50,"column":4},"end":{"line":53,"column":20}},"40":{"start":{"line":60,"column":24},"end":{"line":64,"column":1}},"41":{"start":{"line":61,"column":2},"end":{"line":62,"column":49}},"42":{"start":{"line":66,"column":27},"end":{"line":70,"column":1}},"43":{"start":{"line":67,"column":2},"end":{"line":68,"column":64}},"44":{"start":{"line":68,"column":27},"end":{"line":68,"column":61}},"45":{"start":{"line":70,"column":2},"end":{"line":72,"column":100}}},"fnMap":{"0":{"name":"_interopRequireWildcard","decl":{"start":{"line":9,"column":101},"end":{"line":9,"column":124}},"loc":{"start":{"line":9,"column":130},"end":{"line":9,"column":348}},"line":9},"1":{"name":"_interopRequireDefault","decl":{"start":{"line":9,"column":357},"end":{"line":9,"column":379}},"loc":{"start":{"line":9,"column":385},"end":{"line":9,"column":441}},"line":9},"2":{"name":"(anonymous_2)","decl":{"start":{"line":11,"column":52},"end":{"line":11,"column":53}},"loc":{"start":{"line":11,"column":58},"end":{"line":13,"column":1}},"line":11},"3":{"name":"(anonymous_3)","decl":{"start":{"line":12,"column":32},"end":{"line":12,"column":33}},"loc":{"start":{"line":12,"column":38},"end":{"line":12,"column":79}},"line":12},"4":{"name":"(anonymous_4)","decl":{"start":{"line":15,"column":50},"end":{"line":15,"column":51}},"loc":{"start":{"line":15,"column":56},"end":{"line":17,"column":1}},"line":15},"5":{"name":"(anonymous_5)","decl":{"start":{"line":16,"column":32},"end":{"line":16,"column":33}},"loc":{"start":{"line":16,"column":38},"end":{"line":16,"column":75}},"line":16},"6":{"name":"(anonymous_6)","decl":{"start":{"line":19,"column":48},"end":{"line":19,"column":49}},"loc":{"start":{"line":19,"column":54},"end":{"line":21,"column":1}},"line":19},"7":{"name":"(anonymous_7)","decl":{"start":{"line":20,"column":32},"end":{"line":20,"column":33}},"loc":{"start":{"line":20,"column":38},"end":{"line":20,"column":71}},"line":20},"8":{"name":"(anonymous_8)","decl":{"start":{"line":24,"column":2},"end":{"line":24,"column":3}},"loc":{"start":{"line":24,"column":22},"end":{"line":26,"column":3}},"line":24},"9":{"name":"(anonymous_9)","decl":{"start":{"line":28,"column":2},"end":{"line":28,"column":3}},"loc":{"start":{"line":28,"column":11},"end":{"line":57,"column":3}},"line":28},"10":{"name":"(anonymous_10)","decl":{"start":{"line":60,"column":24},"end":{"line":60,"column":25}},"loc":{"start":{"line":60,"column":33},"end":{"line":64,"column":1}},"line":60},"11":{"name":"(anonymous_11)","decl":{"start":{"line":66,"column":27},"end":{"line":66,"column":28}},"loc":{"start":{"line":66,"column":39},"end":{"line":70,"column":1}},"line":66},"12":{"name":"(anonymous_12)","decl":{"start":{"line":68,"column":21},"end":{"line":68,"column":22}},"loc":{"start":{"line":68,"column":27},"end":{"line":68,"column":61}},"line":68}},"branchMap":{"0":{"loc":{"start":{"line":9,"column":131},"end":{"line":9,"column":347}},"type":"if","locations":[{"start":{"line":9,"column":131},"end":{"line":9,"column":347}},{"start":{"line":9,"column":131},"end":{"line":9,"column":347}}],"line":9},"1":{"loc":{"start":{"line":9,"column":135},"end":{"line":9,"column":156}},"type":"binary-expr","locations":[{"start":{"line":9,"column":135},"end":{"line":9,"column":138}},{"start":{"line":9,"column":142},"end":{"line":9,"column":156}}],"line":9},"2":{"loc":{"start":{"line":9,"column":194},"end":{"line":9,"column":311}},"type":"if","locations":[{"start":{"line":9,"column":194},"end":{"line":9,"column":311}},{"start":{"line":9,"column":194},"end":{"line":9,"column":311}}],"line":9},"3":{"loc":{"start":{"line":9,"column":234},"end":{"line":9,"column":309}},"type":"if","locations":[{"start":{"line":9,"column":234},"end":{"line":9,"column":309}},{"start":{"line":9,"column":234},"end":{"line":9,"column":309}}],"line":9},"4":{"loc":{"start":{"line":9,"column":393},"end":{"line":9,"column":439}},"type":"cond-expr","locations":[{"start":{"line":9,"column":417},"end":{"line":9,"column":420}},{"start":{"line":9,"column":423},"end":{"line":9,"column":439}}],"line":9},"5":{"loc":{"start":{"line":9,"column":393},"end":{"line":9,"column":414}},"type":"binary-expr","locations":[{"start":{"line":9,"column":393},"end":{"line":9,"column":396}},{"start":{"line":9,"column":400},"end":{"line":9,"column":414}}],"line":9},"6":{"loc":{"start":{"line":37,"column":4},"end":{"line":48,"column":5}},"type":"if","locations":[{"start":{"line":37,"column":4},"end":{"line":48,"column":5}},{"start":{"line":37,"column":4},"end":{"line":48,"column":5}}],"line":37}},"s":{"0":0,"1":0,"2":0,"3":0,"4":0,"5":0,"6":0,"7":0,"8":0,"9":0,"10":0,"11":0,"12":0,"13":0,"14":0,"15":0,"16":0,"17":0,"18":0,"19":0,"20":0,"21":0,"22":0,"23":0,"24":0,"25":0,"26":0,"27":0,"28":0,"29":0,"30":0,"31":0,"32":0,"33":0,"34":0,"35":0,"36":0,"37":0,"38":0,"39":0,"40":0,"41":0,"42":0,"43":0,"44":0,"45":0},"f":{"0":0,"1":0,"2":0,"3":0,"4":0,"5":0,"6":0,"7":0,"8":0,"9":0,"10":0,"11":0,"12":0},"b":{"0":[0,0],"1":[0,0],"2":[0,0],"3":[0,0],"4":[0,0],"5":[0,0],"6":[0,0]}}
,"/home/akash/Documents/projects/React JS/testing--01-finished/src/axios-orders.js": {"path":"/home/akash/Documents/projects/React JS/testing--01-finished/src/axios-orders.js","statementMap":{"0":{"start":{"line":3,"column":17},"end":{"line":5,"column":2}}},"fnMap":{},"branchMap":{},"s":{"0":1},"f":{},"b":{},"_coverageSchema":"332fd63041d2c1bcb487cc26dd0d5f7d97098a6c","hash":"fcb209b3d9cce8555b588812895c7f855b2e9abf"}
,"/home/akash/Documents/projects/React JS/testing--01-finished/src/index.js": {"path":"/home/akash/Documents/projects/React JS/testing--01-finished/src/index.js","statementMap":{"0":{"start":{"line":1,"column":32},"end":{"line":1,"column":107}},"1":{"start":{"line":1,"column":121},"end":{"line":1,"column":137}},"2":{"start":{"line":1,"column":152},"end":{"line":1,"column":182}},"3":{"start":{"line":2,"column":16},"end":{"line":2,"column":36}},"4":{"start":{"line":2,"column":54},"end":{"line":2,"column":87}},"5":{"start":{"line":3,"column":22},"end":{"line":3,"column":49}},"6":{"start":{"line":4,"column":18},"end":{"line":4,"column":40}},"7":{"start":{"line":5,"column":13},"end":{"line":5,"column":29}},"8":{"start":{"line":6,"column":18},"end":{"line":6,"column":40}},"9":{"start":{"line":6,"column":60},"end":{"line":6,"column":95}},"10":{"start":{"line":8,"column":0},"end":{"line":8,"column":23}},"11":{"start":{"line":9,"column":11},"end":{"line":9,"column":27}},"12":{"start":{"line":9,"column":40},"end":{"line":9,"column":68}},"13":{"start":{"line":10,"column":29},"end":{"line":10,"column":63}},"14":{"start":{"line":10,"column":94},"end":{"line":10,"column":140}},"15":{"start":{"line":11,"column":21},"end":{"line":11,"column":62}},"16":{"start":{"line":11,"column":85},"end":{"line":11,"column":123}},"17":{"start":{"line":12,"column":13},"end":{"line":12,"column":46}},"18":{"start":{"line":12,"column":61},"end":{"line":12,"column":91}},"19":{"start":{"line":13,"column":12},"end":{"line":13,"column":44}},"20":{"start":{"line":13,"column":58},"end":{"line":13,"column":87}},"21":{"start":{"line":13,"column":126},"end":{"line":13,"column":180}},"22":{"start":{"line":16,"column":0},"end":{"line":18,"column":23}},"23":{"start":{"line":20,"column":20},"end":{"line":23,"column":25}},"24":{"start":{"line":26,"column":14},"end":{"line":28,"column":68}},"25":{"start":{"line":32,"column":0},"end":{"line":34,"column":127}},"26":{"start":{"line":39,"column":0},"end":{"line":39,"column":64}},"27":{"start":{"line":40,"column":0},"end":{"line":40,"column":39}}},"fnMap":{"0":{"name":"_interopRequireDefault","decl":{"start":{"line":13,"column":97},"end":{"line":13,"column":119}},"loc":{"start":{"line":13,"column":125},"end":{"line":13,"column":181}},"line":13}},"branchMap":{"0":{"loc":{"start":{"line":13,"column":133},"end":{"line":13,"column":179}},"type":"cond-expr","locations":[{"start":{"line":13,"column":157},"end":{"line":13,"column":160}},{"start":{"line":13,"column":163},"end":{"line":13,"column":179}}],"line":13},"1":{"loc":{"start":{"line":13,"column":133},"end":{"line":13,"column":154}},"type":"binary-expr","locations":[{"start":{"line":13,"column":133},"end":{"line":13,"column":136}},{"start":{"line":13,"column":140},"end":{"line":13,"column":154}}],"line":13},"2":{"loc":{"start":{"line":16,"column":0},"end":{"line":18,"column":23}},"type":"binary-expr","locations":[{"start":{"line":16,"column":1},"end":{"line":18,"column":4}},{"start":{"line":18,"column":9},"end":{"line":18,"column":23}}],"line":16},"3":{"loc":{"start":{"line":16,"column":1},"end":{"line":18,"column":4}},"type":"cond-expr","locations":[{"start":{"line":17,"column":0},"end":{"line":17,"column":43}},{"start":{"line":18,"column":0},"end":{"line":18,"column":4}}],"line":16}},"s":{"0":0,"1":0,"2":0,"3":0,"4":0,"5":0,"6":0,"7":0,"8":0,"9":0,"10":0,"11":0,"12":0,"13":0,"14":0,"15":0,"16":0,"17":0,"18":0,"19":0,"20":0,"21":0,"22":0,"23":0,"24":0,"25":0,"26":0,"27":0},"f":{"0":0},"b":{"0":[0,0],"1":[0,0],"2":[0,0],"3":[0,0]}}
,"/home/akash/Documents/projects/React JS/testing--01-finished/src/registerServiceWorker.js": {"path":"/home/akash/Documents/projects/React JS/testing--01-finished/src/registerServiceWorker.js","statementMap":{"0":{"start":{"line":1,"column":13},"end":{"line":1,"column":75}},"1":{"start":{"line":1,"column":75},"end":{"line":21,"column":9}},"2":{"start":{"line":21,"column":9},"end":{"line":102,"column":24}},"3":{"start":{"line":109,"column":20},"end":{"line":111,"column":89}},"4":{"start":{"line":111,"column":111},"end":{"line":117,"column":44}},"5":{"start":{"line":112,"column":22},"end":{"line":112,"column":70}},"6":{"start":{"line":112,"column":71},"end":{"line":115,"column":14}},"7":{"start":{"line":115,"column":6},"end":{"line":115,"column":13}},"8":{"start":{"line":115,"column":14},"end":{"line":117,"column":43}},"9":{"start":{"line":115,"column":67},"end":{"line":115,"column":112}},"10":{"start":{"line":115,"column":113},"end":{"line":117,"column":40}},"11":{"start":{"line":116,"column":8},"end":{"line":116,"column":31}},"12":{"start":{"line":117,"column":8},"end":{"line":117,"column":39}},"13":{"start":{"line":117,"column":78},"end":{"line":124,"column":156}},"14":{"start":{"line":117,"column":140},"end":{"line":124,"column":68}},"15":{"start":{"line":117,"column":201},"end":{"line":117,"column":224}},"16":{"start":{"line":117,"column":225},"end":{"line":124,"column":66}},"17":{"start":{"line":117,"column":265},"end":{"line":124,"column":64}},"18":{"start":{"line":117,"column":310},"end":{"line":124,"column":63}},"19":{"start":{"line":121,"column":12},"end":{"line":121,"column":69}},"20":{"start":{"line":124,"column":12},"end":{"line":124,"column":62}},"21":{"start":{"line":124,"column":87},"end":{"line":124,"column":153}},"22":{"start":{"line":125,"column":2},"end":{"line":128,"column":126}},"23":{"start":{"line":126,"column":4},"end":{"line":128,"column":30}},"24":{"start":{"line":127,"column":6},"end":{"line":127,"column":127}},"25":{"start":{"line":127,"column":58},"end":{"line":127,"column":124}},"26":{"start":{"line":127,"column":96},"end":{"line":127,"column":121}},"27":{"start":{"line":128,"column":6},"end":{"line":128,"column":29}},"28":{"start":{"line":128,"column":46},"end":{"line":128,"column":123}},"29":{"start":{"line":128,"column":150},"end":{"line":128,"column":267}},"30":{"start":{"line":128,"column":185},"end":{"line":128,"column":266}},"31":{"start":{"line":128,"column":237},"end":{"line":128,"column":263}}},"fnMap":{"0":{"name":"register","decl":{"start":{"line":111,"column":99},"end":{"line":111,"column":107}},"loc":{"start":{"line":111,"column":110},"end":{"line":117,"column":45}},"line":111},"1":{"name":"(anonymous_1)","decl":{"start":{"line":115,"column":46},"end":{"line":115,"column":47}},"loc":{"start":{"line":115,"column":52},"end":{"line":117,"column":41}},"line":115},"2":{"name":"registerValidSW","decl":{"start":{"line":117,"column":54},"end":{"line":117,"column":69}},"loc":{"start":{"line":117,"column":77},"end":{"line":124,"column":157}},"line":117},"3":{"name":"(anonymous_3)","decl":{"start":{"line":117,"column":123},"end":{"line":117,"column":124}},"loc":{"start":{"line":117,"column":139},"end":{"line":124,"column":69}},"line":117},"4":{"name":"(anonymous_4)","decl":{"start":{"line":117,"column":169},"end":{"line":117,"column":170}},"loc":{"start":{"line":117,"column":175},"end":{"line":124,"column":67}},"line":117},"5":{"name":"(anonymous_5)","decl":{"start":{"line":117,"column":258},"end":{"line":117,"column":259}},"loc":{"start":{"line":117,"column":264},"end":{"line":124,"column":65}},"line":117},"6":{"name":"(anonymous_6)","decl":{"start":{"line":124,"column":77},"end":{"line":124,"column":78}},"loc":{"start":{"line":124,"column":86},"end":{"line":124,"column":154}},"line":124},"7":{"name":"checkValidServiceWorker","decl":{"start":{"line":124,"column":166},"end":{"line":124,"column":189}},"loc":{"start":{"line":124,"column":197},"end":{"line":128,"column":127}},"line":124},"8":{"name":"(anonymous_8)","decl":{"start":{"line":125,"column":20},"end":{"line":125,"column":21}},"loc":{"start":{"line":125,"column":32},"end":{"line":128,"column":31}},"line":125},"9":{"name":"(anonymous_9)","decl":{"start":{"line":127,"column":41},"end":{"line":127,"column":42}},"loc":{"start":{"line":127,"column":57},"end":{"line":127,"column":125}},"line":127},"10":{"name":"(anonymous_10)","decl":{"start":{"line":127,"column":89},"end":{"line":127,"column":90}},"loc":{"start":{"line":127,"column":95},"end":{"line":127,"column":122}},"line":127},"11":{"name":"(anonymous_11)","decl":{"start":{"line":128,"column":39},"end":{"line":128,"column":40}},"loc":{"start":{"line":128,"column":45},"end":{"line":128,"column":124}},"line":128},"12":{"name":"unregister","decl":{"start":{"line":128,"column":136},"end":{"line":128,"column":146}},"loc":{"start":{"line":128,"column":149},"end":{"line":128,"column":268}},"line":128},"13":{"name":"(anonymous_13)","decl":{"start":{"line":128,"column":220},"end":{"line":128,"column":221}},"loc":{"start":{"line":128,"column":236},"end":{"line":128,"column":264}},"line":128}},"branchMap":{"0":{"loc":{"start":{"line":109,"column":28},"end":{"line":111,"column":88}},"type":"binary-expr","locations":[{"start":{"line":109,"column":28},"end":{"line":109,"column":68}},{"start":{"line":110,"column":0},"end":{"line":110,"column":36}},{"start":{"line":111,"column":0},"end":{"line":111,"column":88}}],"line":109},"1":{"loc":{"start":{"line":111,"column":111},"end":{"line":117,"column":44}},"type":"if","locations":[{"start":{"line":111,"column":111},"end":{"line":117,"column":44}},{"start":{"line":111,"column":111},"end":{"line":117,"column":44}}],"line":111},"2":{"loc":{"start":{"line":111,"column":115},"end":{"line":111,"column":184}},"type":"binary-expr","locations":[{"start":{"line":111,"column":115},"end":{"line":111,"column":152}},{"start":{"line":111,"column":156},"end":{"line":111,"column":184}}],"line":111},"3":{"loc":{"start":{"line":112,"column":71},"end":{"line":115,"column":14}},"type":"if","locations":[{"start":{"line":112,"column":71},"end":{"line":115,"column":14}},{"start":{"line":112,"column":71},"end":{"line":115,"column":14}}],"line":112},"4":{"loc":{"start":{"line":115,"column":113},"end":{"line":117,"column":40}},"type":"if","locations":[{"start":{"line":115,"column":113},"end":{"line":117,"column":40}},{"start":{"line":115,"column":113},"end":{"line":117,"column":40}}],"line":115},"5":{"loc":{"start":{"line":117,"column":265},"end":{"line":124,"column":64}},"type":"if","locations":[{"start":{"line":117,"column":265},"end":{"line":124,"column":64}},{"start":{"line":117,"column":265},"end":{"line":124,"column":64}}],"line":117},"6":{"loc":{"start":{"line":117,"column":310},"end":{"line":124,"column":63}},"type":"if","locations":[{"start":{"line":117,"column":310},"end":{"line":124,"column":63}},{"start":{"line":117,"column":310},"end":{"line":124,"column":63}}],"line":117},"7":{"loc":{"start":{"line":126,"column":4},"end":{"line":128,"column":30}},"type":"if","locations":[{"start":{"line":126,"column":4},"end":{"line":128,"column":30}},{"start":{"line":126,"column":4},"end":{"line":128,"column":30}}],"line":126},"8":{"loc":{"start":{"line":126,"column":8},"end":{"line":126,"column":100}},"type":"binary-expr","locations":[{"start":{"line":126,"column":8},"end":{"line":126,"column":31}},{"start":{"line":126,"column":35},"end":{"line":126,"column":100}}],"line":126},"9":{"loc":{"start":{"line":128,"column":150},"end":{"line":128,"column":267}},"type":"if","locations":[{"start":{"line":128,"column":150},"end":{"line":128,"column":267}},{"start":{"line":128,"column":150},"end":{"line":128,"column":267}}],"line":128}},"s":{"0":0,"1":0,"2":0,"3":0,"4":0,"5":0,"6":0,"7":0,"8":0,"9":0,"10":0,"11":0,"12":0,"13":0,"14":0,"15":0,"16":0,"17":0,"18":0,"19":0,"20":0,"21":0,"22":0,"23":0,"24":0,"25":0,"26":0,"27":0,"28":0,"29":0,"30":0,"31":0},"f":{"0":0,"1":0,"2":0,"3":0,"4":0,"5":0,"6":0,"7":0,"8":0,"9":0,"10":0,"11":0,"12":0,"13":0},"b":{"0":[0,0,0],"1":[0,0],"2":[0,0],"3":[0,0],"4":[0,0],"5":[0,0],"6":[0,0],"7":[0,0],"8":[0,0],"9":[0,0]}}
,"/home/akash/Documents/projects/React JS/testing--01-finished/src/components/Burger/Burger.js": {"path":"/home/akash/Documents/projects/React JS/testing--01-finished/src/components/Burger/Burger.js","statementMap":{"0":{"start":{"line":6,"column":15},"end":{"line":29,"column":1}},"1":{"start":{"line":7,"column":31},"end":{"line":15,"column":10}},"2":{"start":{"line":9,"column":6},"end":{"line":11,"column":9}},"3":{"start":{"line":10,"column":8},"end":{"line":10,"column":65}},"4":{"start":{"line":14,"column":6},"end":{"line":14,"column":28}},"5":{"start":{"line":16,"column":2},"end":{"line":20,"column":3}},"6":{"start":{"line":17,"column":4},"end":{"line":19,"column":6}},"7":{"start":{"line":22,"column":2},"end":{"line":28,"column":4}}},"fnMap":{"0":{"name":"(anonymous_0)","decl":{"start":{"line":6,"column":15},"end":{"line":6,"column":16}},"loc":{"start":{"line":6,"column":26},"end":{"line":29,"column":1}},"line":6},"1":{"name":"(anonymous_1)","decl":{"start":{"line":8,"column":9},"end":{"line":8,"column":10}},"loc":{"start":{"line":8,"column":20},"end":{"line":12,"column":5}},"line":8},"2":{"name":"(anonymous_2)","decl":{"start":{"line":9,"column":54},"end":{"line":9,"column":55}},"loc":{"start":{"line":9,"column":64},"end":{"line":11,"column":7}},"line":9},"3":{"name":"(anonymous_3)","decl":{"start":{"line":13,"column":12},"end":{"line":13,"column":13}},"loc":{"start":{"line":13,"column":25},"end":{"line":15,"column":5}},"line":13}},"branchMap":{"0":{"loc":{"start":{"line":16,"column":2},"end":{"line":20,"column":3}},"type":"if","locations":[{"start":{"line":16,"column":2},"end":{"line":20,"column":3}},{"start":{"line":16,"column":2},"end":{"line":20,"column":3}}],"line":16}},"s":{"0":3,"1":2,"2":4,"3":1,"4":4,"5":2,"6":1,"7":2},"f":{"0":2,"1":4,"2":1,"3":4},"b":{"0":[1,1]},"_coverageSchema":"332fd63041d2c1bcb487cc26dd0d5f7d97098a6c","hash":"a656664f6c8116091fb6251bc794c879debe9b42"}
,"/home/akash/Documents/projects/React JS/testing--01-finished/src/components/Burger/BuildControls/BuildControls.js": {"path":"/home/akash/Documents/projects/React JS/testing--01-finished/src/components/Burger/BuildControls/BuildControls.js","statementMap":{"0":{"start":{"line":6,"column":17},"end":{"line":11,"column":1}},"1":{"start":{"line":13,"column":22},"end":{"line":35,"column":1}},"2":{"start":{"line":14,"column":2},"end":{"line":34,"column":8}},"3":{"start":{"line":19,"column":6},"end":{"line":25,"column":8}},"4":{"start":{"line":22,"column":21},"end":{"line":22,"column":53}},"5":{"start":{"line":23,"column":23},"end":{"line":23,"column":57}}},"fnMap":{"0":{"name":"(anonymous_0)","decl":{"start":{"line":13,"column":22},"end":{"line":13,"column":23}},"loc":{"start":{"line":14,"column":2},"end":{"line":34,"column":8}},"line":14},"1":{"name":"(anonymous_1)","decl":{"start":{"line":18,"column":18},"end":{"line":18,"column":19}},"loc":{"start":{"line":19,"column":6},"end":{"line":25,"column":8}},"line":19},"2":{"name":"(anonymous_2)","decl":{"start":{"line":22,"column":15},"end":{"line":22,"column":16}},"loc":{"start":{"line":22,"column":21},"end":{"line":22,"column":53}},"line":22},"3":{"name":"(anonymous_3)","decl":{"start":{"line":23,"column":17},"end":{"line":23,"column":18}},"loc":{"start":{"line":23,"column":23},"end":{"line":23,"column":57}},"line":23}},"branchMap":{"0":{"loc":{"start":{"line":32,"column":7},"end":{"line":32,"column":54}},"type":"cond-expr","locations":[{"start":{"line":32,"column":22},"end":{"line":32,"column":33}},{"start":{"line":32,"column":36},"end":{"line":32,"column":54}}],"line":32}},"s":{"0":2,"1":2,"2":1,"3":4,"4":0,"5":0},"f":{"0":1,"1":4,"2":0,"3":0},"b":{"0":[0,1]},"_coverageSchema":"332fd63041d2c1bcb487cc26dd0d5f7d97098a6c","hash":"5ad87c2fde191073f45bdca5469bc0a56ef722c2"}
,"/home/akash/Documents/projects/React JS/testing--01-finished/src/components/Burger/BuildControls/BuildControl/BuildControl.js": {"path":"/home/akash/Documents/projects/React JS/testing--01-finished/src/components/Burger/BuildControls/BuildControl/BuildControl.js","statementMap":{"0":{"start":{"line":5,"column":21},"end":{"line":16,"column":1}},"1":{"start":{"line":6,"column":4},"end":{"line":15,"column":10}}},"fnMap":{"0":{"name":"(anonymous_0)","decl":{"start":{"line":5,"column":21},"end":{"line":5,"column":22}},"loc":{"start":{"line":6,"column":4},"end":{"line":15,"column":10}},"line":6}},"branchMap":{},"s":{"0":2,"1":0},"f":{"0":0},"b":{},"_coverageSchema":"332fd63041d2c1bcb487cc26dd0d5f7d97098a6c","hash":"4184d5e9915bab8e592f0661b30ea49c06220329"}
,"/home/akash/Documents/projects/React JS/testing--01-finished/src/components/Burger/BurgerIngredient/BurgerIngredient.js": {"path":"/home/akash/Documents/projects/React JS/testing--01-finished/src/components/Burger/BurgerIngredient/BurgerIngredient.js","statementMap":{"0":{"start":{"line":8,"column":25},"end":{"line":8,"column":29}},"1":{"start":{"line":10,"column":8},"end":{"line":36,"column":9}},"2":{"start":{"line":12,"column":16},"end":{"line":12,"column":73}},"3":{"start":{"line":13,"column":16},"end":{"line":13,"column":22}},"4":{"start":{"line":15,"column":16},"end":{"line":20,"column":18}},"5":{"start":{"line":21,"column":16},"end":{"line":21,"column":22}},"6":{"start":{"line":23,"column":16},"end":{"line":23,"column":66}},"7":{"start":{"line":24,"column":16},"end":{"line":24,"column":22}},"8":{"start":{"line":26,"column":16},"end":{"line":26,"column":68}},"9":{"start":{"line":27,"column":16},"end":{"line":27,"column":22}},"10":{"start":{"line":29,"column":16},"end":{"line":29,"column":67}},"11":{"start":{"line":30,"column":16},"end":{"line":30,"column":22}},"12":{"start":{"line":32,"column":16},"end":{"line":32,"column":67}},"13":{"start":{"line":33,"column":16},"end":{"line":33,"column":22}},"14":{"start":{"line":35,"column":16},"end":{"line":35,"column":34}},"15":{"start":{"line":38,"column":8},"end":{"line":38,"column":26}},"16":{"start":{"line":42,"column":0},"end":{"line":44,"column":2}}},"fnMap":{"0":{"name":"(anonymous_0)","decl":{"start":{"line":7,"column":4},"end":{"line":7,"column":5}},"loc":{"start":{"line":7,"column":14},"end":{"line":39,"column":5}},"line":7}},"branchMap":{"0":{"loc":{"start":{"line":10,"column":8},"end":{"line":36,"column":9}},"type":"switch","locations":[{"start":{"line":11,"column":12},"end":{"line":13,"column":22}},{"start":{"line":14,"column":12},"end":{"line":21,"column":22}},{"start":{"line":22,"column":12},"end":{"line":24,"column":22}},{"start":{"line":25,"column":12},"end":{"line":27,"column":22}},{"start":{"line":28,"column":12},"end":{"line":30,"column":22}},{"start":{"line":31,"column":12},"end":{"line":33,"column":22}},{"start":{"line":34,"column":12},"end":{"line":35,"column":34}}],"line":10}},"s":{"0":2,"1":2,"2":1,"3":1,"4":1,"5":1,"6":0,"7":0,"8":0,"9":0,"10":0,"11":0,"12":0,"13":0,"14":0,"15":2,"16":3},"f":{"0":2},"b":{"0":[1,1,0,0,0,0,0]},"_coverageSchema":"332fd63041d2c1bcb487cc26dd0d5f7d97098a6c","hash":"043df471561102a4fcbf3f7ece5753ce5900c55d"}
,"/home/akash/Documents/projects/React JS/testing--01-finished/src/components/Burger/OrderSummary/OrderSummary.js": {"path":"/home/akash/Documents/projects/React JS/testing--01-finished/src/components/Burger/OrderSummary/OrderSummary.js","statementMap":{"0":{"start":{"line":8,"column":30},"end":{"line":15,"column":6}},"1":{"start":{"line":9,"column":6},"end":{"line":14,"column":8}},"2":{"start":{"line":17,"column":4},"end":{"line":33,"column":6}}},"fnMap":{"0":{"name":"(anonymous_0)","decl":{"start":{"line":7,"column":2},"end":{"line":7,"column":3}},"loc":{"start":{"line":7,"column":11},"end":{"line":34,"column":3}},"line":7},"1":{"name":"(anonymous_1)","decl":{"start":{"line":8,"column":70},"end":{"line":8,"column":71}},"loc":{"start":{"line":8,"column":79},"end":{"line":15,"column":5}},"line":8}},"branchMap":{},"s":{"0":0,"1":0,"2":0},"f":{"0":0,"1":0},"b":{},"_coverageSchema":"332fd63041d2c1bcb487cc26dd0d5f7d97098a6c","hash":"027fd9eead75d3c66c5d53313a6f7bc8e031c41b"}
,"/home/akash/Documents/projects/React JS/testing--01-finished/src/components/Logo/Logo.js": {"path":"/home/akash/Documents/projects/React JS/testing--01-finished/src/components/Logo/Logo.js","statementMap":{"0":{"start":{"line":6,"column":13},"end":{"line":10,"column":1}},"1":{"start":{"line":7,"column":4},"end":{"line":9,"column":10}}},"fnMap":{"0":{"name":"(anonymous_0)","decl":{"start":{"line":6,"column":13},"end":{"line":6,"column":14}},"loc":{"start":{"line":7,"column":4},"end":{"line":9,"column":10}},"line":7}},"branchMap":{},"s":{"0":2,"1":0},"f":{"0":0},"b":{},"_coverageSchema":"332fd63041d2c1bcb487cc26dd0d5f7d97098a6c","hash":"f51b60d6ad92e4aa57a6c8a860293a2e082168b7"}
,"/home/akash/Documents/projects/React JS/testing--01-finished/src/components/Navigation/NavigationItems/NavigationItems.js": {"path":"/home/akash/Documents/projects/React JS/testing--01-finished/src/components/Navigation/NavigationItems/NavigationItems.js","statementMap":{"0":{"start":{"line":6,"column":24},"end":{"line":20,"column":1}},"1":{"start":{"line":7,"column":2},"end":{"line":19,"column":7}}},"fnMap":{"0":{"name":"(anonymous_0)","decl":{"start":{"line":6,"column":24},"end":{"line":6,"column":25}},"loc":{"start":{"line":7,"column":2},"end":{"line":19,"column":7}},"line":7}},"branchMap":{"0":{"loc":{"start":{"line":11,"column":5},"end":{"line":13,"column":12}},"type":"cond-expr","locations":[{"start":{"line":12,"column":6},"end":{"line":12,"column":60}},{"start":{"line":13,"column":8},"end":{"line":13,"column":12}}],"line":11},"1":{"loc":{"start":{"line":14,"column":5},"end":{"line":18,"column":5}},"type":"cond-expr","locations":[{"start":{"line":15,"column":6},"end":{"line":15,"column":64}},{"start":{"line":17,"column":6},"end":{"line":17,"column":60}}],"line":14}},"s":{"0":3,"1":5},"f":{"0":5},"b":{"0":[2,3],"1":[3,2]},"_coverageSchema":"332fd63041d2c1bcb487cc26dd0d5f7d97098a6c","hash":"33d4bcd812891752144efeb773504f61c16cf631"}
,"/home/akash/Documents/projects/React JS/testing--01-finished/src/components/Navigation/NavigationItems/NavigationItem/NavigationItem.js": {"path":"/home/akash/Documents/projects/React JS/testing--01-finished/src/components/Navigation/NavigationItems/NavigationItem/NavigationItem.js","statementMap":{"0":{"start":{"line":6,"column":23},"end":{"line":13,"column":1}},"1":{"start":{"line":7,"column":4},"end":{"line":12,"column":9}}},"fnMap":{"0":{"name":"(anonymous_0)","decl":{"start":{"line":6,"column":23},"end":{"line":6,"column":24}},"loc":{"start":{"line":7,"column":4},"end":{"line":12,"column":9}},"line":7}},"branchMap":{},"s":{"0":3,"1":0},"f":{"0":0},"b":{},"_coverageSchema":"332fd63041d2c1bcb487cc26dd0d5f7d97098a6c","hash":"1e3d1d41e1b8155f69bfad552055052112b6689d"}
,"/home/akash/Documents/projects/React JS/testing--01-finished/src/components/Navigation/SideDrawer/SideDrawer.js": {"path":"/home/akash/Documents/projects/React JS/testing--01-finished/src/components/Navigation/SideDrawer/SideDrawer.js","statementMap":{"0":{"start":{"line":9,"column":19},"end":{"line":27,"column":1}},"1":{"start":{"line":10,"column":26},"end":{"line":10,"column":61}},"2":{"start":{"line":11,"column":4},"end":{"line":13,"column":5}},"3":{"start":{"line":12,"column":8},"end":{"line":12,"column":61}},"4":{"start":{"line":14,"column":4},"end":{"line":26,"column":6}}},"fnMap":{"0":{"name":"(anonymous_0)","decl":{"start":{"line":9,"column":19},"end":{"line":9,"column":20}},"loc":{"start":{"line":9,"column":32},"end":{"line":27,"column":1}},"line":9}},"branchMap":{"0":{"loc":{"start":{"line":11,"column":4},"end":{"line":13,"column":5}},"type":"if","locations":[{"start":{"line":11,"column":4},"end":{"line":13,"column":5}},{"start":{"line":11,"column":4},"end":{"line":13,"column":5}}],"line":11}},"s":{"0":1,"1":1,"2":1,"3":0,"4":1},"f":{"0":1},"b":{"0":[0,1]},"_coverageSchema":"332fd63041d2c1bcb487cc26dd0d5f7d97098a6c","hash":"1f0332fb404d9fb6a603a843dd91e68cae81d023"}
,"/home/akash/Documents/projects/React JS/testing--01-finished/src/components/Navigation/SideDrawer/DrawerToggle/DrawerToggle.js": {"path":"/home/akash/Documents/projects/React JS/testing--01-finished/src/components/Navigation/SideDrawer/DrawerToggle/DrawerToggle.js","statementMap":{"0":{"start":{"line":5,"column":21},"end":{"line":11,"column":1}},"1":{"start":{"line":6,"column":4},"end":{"line":10,"column":10}}},"fnMap":{"0":{"name":"(anonymous_0)","decl":{"start":{"line":5,"column":21},"end":{"line":5,"column":22}},"loc":{"start":{"line":6,"column":4},"end":{"line":10,"column":10}},"line":6}},"branchMap":{},"s":{"0":1,"1":0},"f":{"0":0},"b":{},"_coverageSchema":"332fd63041d2c1bcb487cc26dd0d5f7d97098a6c","hash":"1d87c8c4e8448cb25016e64e1fdff2547c2b4fbb"}
,"/home/akash/Documents/projects/React JS/testing--01-finished/src/components/Navigation/Toolbar/Toolbar.js": {"path":"/home/akash/Documents/projects/React JS/testing--01-finished/src/components/Navigation/Toolbar/Toolbar.js","statementMap":{"0":{"start":{"line":8,"column":16},"end":{"line":18,"column":1}},"1":{"start":{"line":9,"column":4},"end":{"line":17,"column":13}}},"fnMap":{"0":{"name":"(anonymous_0)","decl":{"start":{"line":8,"column":16},"end":{"line":8,"column":17}},"loc":{"start":{"line":9,"column":4},"end":{"line":17,"column":13}},"line":9}},"branchMap":{},"s":{"0":1,"1":1},"f":{"0":1},"b":{},"_coverageSchema":"332fd63041d2c1bcb487cc26dd0d5f7d97098a6c","hash":"41ebf11436eb5c8c1e696767f50e6bae788a1538"}
,"/home/akash/Documents/projects/React JS/testing--01-finished/src/components/Order/Order.js": {"path":"/home/akash/Documents/projects/React JS/testing--01-finished/src/components/Order/Order.js","statementMap":{"0":{"start":{"line":5,"column":14},"end":{"line":41,"column":1}},"1":{"start":{"line":6,"column":22},"end":{"line":6,"column":24}},"2":{"start":{"line":8,"column":2},"end":{"line":14,"column":3}},"3":{"start":{"line":10,"column":4},"end":{"line":13,"column":7}},"4":{"start":{"line":16,"column":27},"end":{"line":31,"column":4}},"5":{"start":{"line":17,"column":4},"end":{"line":30,"column":6}},"6":{"start":{"line":32,"column":2},"end":{"line":32,"column":32}},"7":{"start":{"line":33,"column":2},"end":{"line":40,"column":4}}},"fnMap":{"0":{"name":"(anonymous_0)","decl":{"start":{"line":5,"column":14},"end":{"line":5,"column":15}},"loc":{"start":{"line":5,"column":25},"end":{"line":41,"column":1}},"line":5},"1":{"name":"(anonymous_1)","decl":{"start":{"line":16,"column":43},"end":{"line":16,"column":44}},"loc":{"start":{"line":16,"column":51},"end":{"line":31,"column":3}},"line":16}},"branchMap":{},"s":{"0":1,"1":4,"2":4,"3":0,"4":4,"5":0,"6":4,"7":4},"f":{"0":4,"1":0},"b":{},"_coverageSchema":"332fd63041d2c1bcb487cc26dd0d5f7d97098a6c","hash":"1f485ee635e756558651bdc7d40e2c0c747c8815"}
,"/home/akash/Documents/projects/React JS/testing--01-finished/src/components/Order/CheckoutSummary/CheckoutSummary.js": {"path":"/home/akash/Documents/projects/React JS/testing--01-finished/src/components/Order/CheckoutSummary/CheckoutSummary.js","statementMap":{"0":{"start":{"line":7,"column":24},"end":{"line":22,"column":1}},"1":{"start":{"line":8,"column":2},"end":{"line":21,"column":4}}},"fnMap":{"0":{"name":"(anonymous_0)","decl":{"start":{"line":7,"column":24},"end":{"line":7,"column":25}},"loc":{"start":{"line":7,"column":35},"end":{"line":22,"column":1}},"line":7}},"branchMap":{},"s":{"0":1,"1":1},"f":{"0":1},"b":{},"_coverageSchema":"332fd63041d2c1bcb487cc26dd0d5f7d97098a6c","hash":"c730d366a76bf34346c39a393793235814964027"}
,"/home/akash/Documents/projects/React JS/testing--01-finished/src/components/UI/Backdrop/Backdrop.js": {"path":"/home/akash/Documents/projects/React JS/testing--01-finished/src/components/UI/Backdrop/Backdrop.js","statementMap":{"0":{"start":{"line":5,"column":17},"end":{"line":7,"column":1}},"1":{"start":{"line":6,"column":4},"end":{"line":6,"column":88}}},"fnMap":{"0":{"name":"(anonymous_0)","decl":{"start":{"line":5,"column":17},"end":{"line":5,"column":18}},"loc":{"start":{"line":6,"column":4},"end":{"line":6,"column":88}},"line":6}},"branchMap":{"0":{"loc":{"start":{"line":6,"column":4},"end":{"line":6,"column":88}},"type":"cond-expr","locations":[{"start":{"line":6,"column":17},"end":{"line":6,"column":81}},{"start":{"line":6,"column":84},"end":{"line":6,"column":88}}],"line":6}},"s":{"0":4,"1":1},"f":{"0":1},"b":{"0":[0,1]},"_coverageSchema":"332fd63041d2c1bcb487cc26dd0d5f7d97098a6c","hash":"48ef945bffd7b7c35272bdb7cdc3e12a56983f09"}
,"/home/akash/Documents/projects/React JS/testing--01-finished/src/components/UI/Button/Button.js": {"path":"/home/akash/Documents/projects/React JS/testing--01-finished/src/components/UI/Button/Button.js","statementMap":{"0":{"start":{"line":5,"column":15},"end":{"line":10,"column":1}},"1":{"start":{"line":6,"column":4},"end":{"line":9,"column":57}}},"fnMap":{"0":{"name":"(anonymous_0)","decl":{"start":{"line":5,"column":15},"end":{"line":5,"column":16}},"loc":{"start":{"line":6,"column":4},"end":{"line":9,"column":57}},"line":6}},"branchMap":{},"s":{"0":3,"1":1},"f":{"0":1},"b":{},"_coverageSchema":"332fd63041d2c1bcb487cc26dd0d5f7d97098a6c","hash":"37651894fe3e0a36721d0d5757bbdf3c8e1ca0d0"}
,"/home/akash/Documents/projects/React JS/testing--01-finished/src/components/UI/Input/Input.js": {"path":"/home/akash/Documents/projects/React JS/testing--01-finished/src/components/UI/Input/Input.js","statementMap":{"0":{"start":{"line":1,"column":13},"end":{"line":1,"column":75}},"1":{"start":{"line":1,"column":94},"end":{"line":1,"column":189}},"2":{"start":{"line":1,"column":203},"end":{"line":1,"column":219}},"3":{"start":{"line":1,"column":234},"end":{"line":1,"column":264}},"4":{"start":{"line":3,"column":13},"end":{"line":3,"column":35}},"5":{"start":{"line":3,"column":50},"end":{"line":3,"column":80}},"6":{"start":{"line":3,"column":119},"end":{"line":3,"column":173}},"7":{"start":{"line":5,"column":14},"end":{"line":57,"column":1}},"8":{"start":{"line":6,"column":23},"end":{"line":6,"column":27}},"9":{"start":{"line":7,"column":25},"end":{"line":7,"column":55}},"10":{"start":{"line":9,"column":4},"end":{"line":11,"column":5}},"11":{"start":{"line":10,"column":8},"end":{"line":10,"column":51}},"12":{"start":{"line":13,"column":4},"end":{"line":47,"column":118}},"13":{"start":{"line":15,"column":12},"end":{"line":19,"column":117}},"14":{"start":{"line":20,"column":12},"end":{"line":20,"column":18}},"15":{"start":{"line":22,"column":12},"end":{"line":26,"column":117}},"16":{"start":{"line":27,"column":12},"end":{"line":27,"column":18}},"17":{"start":{"line":29,"column":12},"end":{"line":36,"column":43}},"18":{"start":{"line":35,"column":16},"end":{"line":36,"column":40}},"19":{"start":{"line":41,"column":12},"end":{"line":41,"column":18}},"20":{"start":{"line":43,"column":12},"end":{"line":47,"column":117}},"21":{"start":{"line":50,"column":4},"end":{"line":53,"column":27}},"22":{"start":{"line":57,"column":2},"end":{"line":59,"column":6}}},"fnMap":{"0":{"name":"_interopRequireDefault","decl":{"start":{"line":3,"column":90},"end":{"line":3,"column":112}},"loc":{"start":{"line":3,"column":118},"end":{"line":3,"column":174}},"line":3},"1":{"name":"(anonymous_1)","decl":{"start":{"line":5,"column":14},"end":{"line":5,"column":15}},"loc":{"start":{"line":5,"column":23},"end":{"line":57,"column":1}},"line":5},"2":{"name":"(anonymous_2)","decl":{"start":{"line":34,"column":48},"end":{"line":34,"column":49}},"loc":{"start":{"line":35,"column":16},"end":{"line":36,"column":40}},"line":35}},"branchMap":{"0":{"loc":{"start":{"line":3,"column":126},"end":{"line":3,"column":172}},"type":"cond-expr","locations":[{"start":{"line":3,"column":150},"end":{"line":3,"column":153}},{"start":{"line":3,"column":156},"end":{"line":3,"column":172}}],"line":3},"1":{"loc":{"start":{"line":3,"column":126},"end":{"line":3,"column":147}},"type":"binary-expr","locations":[{"start":{"line":3,"column":126},"end":{"line":3,"column":129}},{"start":{"line":3,"column":133},"end":{"line":3,"column":147}}],"line":3},"2":{"loc":{"start":{"line":9,"column":4},"end":{"line":11,"column":5}},"type":"if","locations":[{"start":{"line":9,"column":4},"end":{"line":11,"column":5}},{"start":{"line":9,"column":4},"end":{"line":11,"column":5}}],"line":9},"3":{"loc":{"start":{"line":9,"column":8},"end":{"line":9,"column":62}},"type":"binary-expr","locations":[{"start":{"line":9,"column":8},"end":{"line":9,"column":21}},{"start":{"line":9,"column":25},"end":{"line":9,"column":45}},{"start":{"line":9,"column":49},"end":{"line":9,"column":62}}],"line":9},"4":{"loc":{"start":{"line":13,"column":4},"end":{"line":47,"column":118}},"type":"switch","locations":[{"start":{"line":14,"column":8},"end":{"line":20,"column":18}},{"start":{"line":21,"column":8},"end":{"line":27,"column":18}},{"start":{"line":28,"column":8},"end":{"line":41,"column":18}},{"start":{"line":42,"column":8},"end":{"line":47,"column":117}}],"line":13}},"s":{"0":0,"1":0,"2":0,"3":0,"4":0,"5":0,"6":0,"7":0,"8":0,"9":0,"10":0,"11":0,"12":0,"13":0,"14":0,"15":0,"16":0,"17":0,"18":0,"19":0,"20":0,"21":0,"22":0},"f":{"0":0,"1":0,"2":0},"b":{"0":[0,0],"1":[0,0],"2":[0,0],"3":[0,0,0],"4":[0,0,0,0]}}
,"/home/akash/Documents/projects/React JS/testing--01-finished/src/components/UI/Modal/Modal.js": {"path":"/home/akash/Documents/projects/React JS/testing--01-finished/src/components/UI/Modal/Modal.js","statementMap":{"0":{"start":{"line":10,"column":8},"end":{"line":10,"column":96}},"1":{"start":{"line":14,"column":8},"end":{"line":26,"column":9}}},"fnMap":{"0":{"name":"(anonymous_0)","decl":{"start":{"line":9,"column":4},"end":{"line":9,"column":5}},"loc":{"start":{"line":9,"column":51},"end":{"line":11,"column":5}},"line":9},"1":{"name":"(anonymous_1)","decl":{"start":{"line":13,"column":4},"end":{"line":13,"column":5}},"loc":{"start":{"line":13,"column":14},"end":{"line":27,"column":5}},"line":13}},"branchMap":{"0":{"loc":{"start":{"line":10,"column":15},"end":{"line":10,"column":95}},"type":"binary-expr","locations":[{"start":{"line":10,"column":15},"end":{"line":10,"column":49}},{"start":{"line":10,"column":53},"end":{"line":10,"column":95}}],"line":10},"1":{"loc":{"start":{"line":20,"column":35},"end":{"line":20,"column":91}},"type":"cond-expr","locations":[{"start":{"line":20,"column":53},"end":{"line":20,"column":68}},{"start":{"line":20,"column":71},"end":{"line":20,"column":91}}],"line":20},"2":{"loc":{"start":{"line":21,"column":33},"end":{"line":21,"column":60}},"type":"cond-expr","locations":[{"start":{"line":21,"column":51},"end":{"line":21,"column":54}},{"start":{"line":21,"column":57},"end":{"line":21,"column":60}}],"line":21}},"s":{"0":0,"1":1},"f":{"0":0,"1":1},"b":{"0":[0,0],"1":[0,1],"2":[0,1]},"_coverageSchema":"332fd63041d2c1bcb487cc26dd0d5f7d97098a6c","hash":"63a45b0028fb44aa96d26f49a1fcc807659ce6ce"}
,"/home/akash/Documents/projects/React JS/testing--01-finished/src/components/UI/Spinner/Spinner.js": {"path":"/home/akash/Documents/projects/React JS/testing--01-finished/src/components/UI/Spinner/Spinner.js","statementMap":{"0":{"start":{"line":5,"column":16},"end":{"line":7,"column":1}},"1":{"start":{"line":6,"column":4},"end":{"line":6,"column":52}}},"fnMap":{"0":{"name":"(anonymous_0)","decl":{"start":{"line":5,"column":16},"end":{"line":5,"column":17}},"loc":{"start":{"line":6,"column":4},"end":{"line":6,"column":52}},"line":6}},"branchMap":{},"s":{"0":2,"1":1},"f":{"0":1},"b":{},"_coverageSchema":"332fd63041d2c1bcb487cc26dd0d5f7d97098a6c","hash":"e12093d405f288f4bb5dc525aeaba60a11767c2d"}
,"/home/akash/Documents/projects/React JS/testing--01-finished/src/containers/Auth/Auth.js": {"path":"/home/akash/Documents/projects/React JS/testing--01-finished/src/containers/Auth/Auth.js","statementMap":{"0":{"start":{"line":1,"column":13},"end":{"line":1,"column":75}},"1":{"start":{"line":1,"column":94},"end":{"line":1,"column":184}},"2":{"start":{"line":1,"column":198},"end":{"line":1,"column":214}},"3":{"start":{"line":1,"column":229},"end":{"line":1,"column":259}},"4":{"start":{"line":2,"column":18},"end":{"line":2,"column":40}},"5":{"start":{"line":3,"column":22},"end":{"line":3,"column":49}},"6":{"start":{"line":5,"column":13},"end":{"line":5,"column":55}},"7":{"start":{"line":5,"column":70},"end":{"line":5,"column":100}},"8":{"start":{"line":6,"column":14},"end":{"line":6,"column":58}},"9":{"start":{"line":6,"column":74},"end":{"line":6,"column":105}},"10":{"start":{"line":7,"column":15},"end":{"line":7,"column":61}},"11":{"start":{"line":7,"column":78},"end":{"line":7,"column":110}},"12":{"start":{"line":8,"column":12},"end":{"line":8,"column":33}},"13":{"start":{"line":8,"column":47},"end":{"line":8,"column":76}},"14":{"start":{"line":9,"column":13},"end":{"line":9,"column":49}},"15":{"start":{"line":9,"column":64},"end":{"line":9,"column":95}},"16":{"start":{"line":10,"column":15},"end":{"line":10,"column":46}},"17":{"start":{"line":10,"column":86},"end":{"line":10,"column":302}},"18":{"start":{"line":10,"column":114},"end":{"line":10,"column":125}},"19":{"start":{"line":10,"column":146},"end":{"line":10,"column":148}},"20":{"start":{"line":10,"column":149},"end":{"line":10,"column":266}},"21":{"start":{"line":10,"column":167},"end":{"line":10,"column":265}},"22":{"start":{"line":10,"column":189},"end":{"line":10,"column":264}},"23":{"start":{"line":10,"column":241},"end":{"line":10,"column":264}},"24":{"start":{"line":10,"column":266},"end":{"line":10,"column":287}},"25":{"start":{"line":10,"column":287},"end":{"line":10,"column":301}},"26":{"start":{"line":10,"column":341},"end":{"line":10,"column":395}},"27":{"start":{"line":12,"column":69},"end":{"line":73,"column":17}},"28":{"start":{"line":54,"column":36},"end":{"line":58,"column":39}},"29":{"start":{"line":61,"column":12},"end":{"line":61,"column":57}},"30":{"start":{"line":65,"column":12},"end":{"line":65,"column":35}},"31":{"start":{"line":66,"column":12},"end":{"line":66,"column":120}},"32":{"start":{"line":70,"column":12},"end":{"line":72,"column":15}},"33":{"start":{"line":71,"column":16},"end":{"line":71,"column":57}},"34":{"start":{"line":73,"column":39},"end":{"line":73,"column":147}},"35":{"start":{"line":73,"column":111},"end":{"line":73,"column":146}},"36":{"start":{"line":76,"column":34},"end":{"line":76,"column":36}},"37":{"start":{"line":77,"column":8},"end":{"line":82,"column":9}},"38":{"start":{"line":78,"column":12},"end":{"line":80,"column":52}},"39":{"start":{"line":84,"column":19},"end":{"line":93,"column":149}},"40":{"start":{"line":85,"column":8},"end":{"line":93,"column":148}},"41":{"start":{"line":93,"column":30},"end":{"line":93,"column":77}},"42":{"start":{"line":96,"column":8},"end":{"line":98,"column":9}},"43":{"start":{"line":97,"column":12},"end":{"line":97,"column":140}},"44":{"start":{"line":100,"column":27},"end":{"line":100,"column":31}},"45":{"start":{"line":102,"column":8},"end":{"line":106,"column":9}},"46":{"start":{"line":103,"column":12},"end":{"line":104,"column":146}},"47":{"start":{"line":108,"column":27},"end":{"line":108,"column":31}},"48":{"start":{"line":109,"column":8},"end":{"line":111,"column":9}},"49":{"start":{"line":110,"column":12},"end":{"line":110,"column":189}},"50":{"start":{"line":113,"column":8},"end":{"line":123,"column":173}},"51":{"start":{"line":129,"column":24},"end":{"line":137,"column":1}},"52":{"start":{"line":130,"column":4},"end":{"line":135,"column":56}},"53":{"start":{"line":139,"column":27},"end":{"line":144,"column":1}},"54":{"start":{"line":140,"column":4},"end":{"line":142,"column":82}},"55":{"start":{"line":141,"column":47},"end":{"line":141,"column":96}},"56":{"start":{"line":142,"column":37},"end":{"line":142,"column":79}},"57":{"start":{"line":144,"column":2},"end":{"line":146,"column":68}}},"fnMap":{"0":{"name":"_interopRequireWildcard","decl":{"start":{"line":10,"column":56},"end":{"line":10,"column":79}},"loc":{"start":{"line":10,"column":85},"end":{"line":10,"column":303}},"line":10},"1":{"name":"_interopRequireDefault","decl":{"start":{"line":10,"column":312},"end":{"line":10,"column":334}},"loc":{"start":{"line":10,"column":340},"end":{"line":10,"column":396}},"line":10},"2":{"name":"(anonymous_2)","decl":{"start":{"line":12,"column":37},"end":{"line":12,"column":38}},"loc":{"start":{"line":12,"column":58},"end":{"line":73,"column":18}},"line":12},"3":{"name":"(anonymous_3)","decl":{"start":{"line":53,"column":30},"end":{"line":53,"column":31}},"loc":{"start":{"line":53,"column":54},"end":{"line":62,"column":9}},"line":53},"4":{"name":"(anonymous_4)","decl":{"start":{"line":64,"column":24},"end":{"line":64,"column":25}},"loc":{"start":{"line":64,"column":33},"end":{"line":67,"column":9}},"line":64},"5":{"name":"(anonymous_5)","decl":{"start":{"line":69,"column":32},"end":{"line":69,"column":33}},"loc":{"start":{"line":69,"column":38},"end":{"line":73,"column":9}},"line":69},"6":{"name":"(anonymous_6)","decl":{"start":{"line":70,"column":26},"end":{"line":70,"column":27}},"loc":{"start":{"line":70,"column":39},"end":{"line":72,"column":13}},"line":70},"7":{"name":"(anonymous_7)","decl":{"start":{"line":73,"column":18},"end":{"line":73,"column":19}},"loc":{"start":{"line":73,"column":38},"end":{"line":73,"column":148}},"line":73},"8":{"name":"(anonymous_8)","decl":{"start":{"line":75,"column":4},"end":{"line":75,"column":5}},"loc":{"start":{"line":75,"column":13},"end":{"line":126,"column":5}},"line":75},"9":{"name":"(anonymous_9)","decl":{"start":{"line":84,"column":41},"end":{"line":84,"column":42}},"loc":{"start":{"line":85,"column":8},"end":{"line":93,"column":148}},"line":85},"10":{"name":"(anonymous_10)","decl":{"start":{"line":93,"column":21},"end":{"line":93,"column":22}},"loc":{"start":{"line":93,"column":30},"end":{"line":93,"column":77}},"line":93},"11":{"name":"(anonymous_11)","decl":{"start":{"line":129,"column":24},"end":{"line":129,"column":25}},"loc":{"start":{"line":129,"column":33},"end":{"line":137,"column":1}},"line":129},"12":{"name":"(anonymous_12)","decl":{"start":{"line":139,"column":27},"end":{"line":139,"column":28}},"loc":{"start":{"line":139,"column":39},"end":{"line":144,"column":1}},"line":139},"13":{"name":"(anonymous_13)","decl":{"start":{"line":141,"column":16},"end":{"line":141,"column":17}},"loc":{"start":{"line":141,"column":47},"end":{"line":141,"column":96}},"line":141},"14":{"name":"(anonymous_14)","decl":{"start":{"line":142,"column":31},"end":{"line":142,"column":32}},"loc":{"start":{"line":142,"column":37},"end":{"line":142,"column":79}},"line":142}},"branchMap":{"0":{"loc":{"start":{"line":10,"column":86},"end":{"line":10,"column":302}},"type":"if","locations":[{"start":{"line":10,"column":86},"end":{"line":10,"column":302}},{"start":{"line":10,"column":86},"end":{"line":10,"column":302}}],"line":10},"1":{"loc":{"start":{"line":10,"column":90},"end":{"line":10,"column":111}},"type":"binary-expr","locations":[{"start":{"line":10,"column":90},"end":{"line":10,"column":93}},{"start":{"line":10,"column":97},"end":{"line":10,"column":111}}],"line":10},"2":{"loc":{"start":{"line":10,"column":149},"end":{"line":10,"column":266}},"type":"if","locations":[{"start":{"line":10,"column":149},"end":{"line":10,"column":266}},{"start":{"line":10,"column":149},"end":{"line":10,"column":266}}],"line":10},"3":{"loc":{"start":{"line":10,"column":189},"end":{"line":10,"column":264}},"type":"if","locations":[{"start":{"line":10,"column":189},"end":{"line":10,"column":264}},{"start":{"line":10,"column":189},"end":{"line":10,"column":264}}],"line":10},"4":{"loc":{"start":{"line":10,"column":348},"end":{"line":10,"column":394}},"type":"cond-expr","locations":[{"start":{"line":10,"column":372},"end":{"line":10,"column":375}},{"start":{"line":10,"column":378},"end":{"line":10,"column":394}}],"line":10},"5":{"loc":{"start":{"line":10,"column":348},"end":{"line":10,"column":369}},"type":"binary-expr","locations":[{"start":{"line":10,"column":348},"end":{"line":10,"column":351}},{"start":{"line":10,"column":355},"end":{"line":10,"column":369}}],"line":10},"6":{"loc":{"start":{"line":73,"column":39},"end":{"line":73,"column":147}},"type":"if","locations":[{"start":{"line":73,"column":39},"end":{"line":73,"column":147}},{"start":{"line":73,"column":39},"end":{"line":73,"column":147}}],"line":73},"7":{"loc":{"start":{"line":73,"column":43},"end":{"line":73,"column":108}},"type":"binary-expr","locations":[{"start":{"line":73,"column":43},"end":{"line":73,"column":69}},{"start":{"line":73,"column":73},"end":{"line":73,"column":108}}],"line":73},"8":{"loc":{"start":{"line":96,"column":8},"end":{"line":98,"column":9}},"type":"if","locations":[{"start":{"line":96,"column":8},"end":{"line":98,"column":9}},{"start":{"line":96,"column":8},"end":{"line":98,"column":9}}],"line":96},"9":{"loc":{"start":{"line":102,"column":8},"end":{"line":106,"column":9}},"type":"if","locations":[{"start":{"line":102,"column":8},"end":{"line":106,"column":9}},{"start":{"line":102,"column":8},"end":{"line":106,"column":9}}],"line":102},"10":{"loc":{"start":{"line":109,"column":8},"end":{"line":111,"column":9}},"type":"if","locations":[{"start":{"line":109,"column":8},"end":{"line":111,"column":9}},{"start":{"line":109,"column":8},"end":{"line":111,"column":9}}],"line":109},"11":{"loc":{"start":{"line":123,"column":128},"end":{"line":123,"column":169}},"type":"cond-expr","locations":[{"start":{"line":123,"column":150},"end":{"line":123,"column":158}},{"start":{"line":123,"column":161},"end":{"line":123,"column":169}}],"line":123}},"s":{"0":0,"1":0,"2":0,"3":0,"4":0,"5":0,"6":0,"7":0,"8":0,"9":0,"10":0,"11":0,"12":0,"13":0,"14":0,"15":0,"16":0,"17":0,"18":0,"19":0,"20":0,"21":0,"22":0,"23":0,"24":0,"25":0,"26":0,"27":0,"28":0,"29":0,"30":0,"31":0,"32":0,"33":0,"34":0,"35":0,"36":0,"37":0,"38":0,"39":0,"40":0,"41":0,"42":0,"43":0,"44":0,"45":0,"46":0,"47":0,"48":0,"49":0,"50":0,"51":0,"52":0,"53":0,"54":0,"55":0,"56":0,"57":0},"f":{"0":0,"1":0,"2":0,"3":0,"4":0,"5":0,"6":0,"7":0,"8":0,"9":0,"10":0,"11":0,"12":0,"13":0,"14":0},"b":{"0":[0,0],"1":[0,0],"2":[0,0],"3":[0,0],"4":[0,0],"5":[0,0],"6":[0,0],"7":[0,0],"8":[0,0],"9":[0,0],"10":[0,0],"11":[0,0]}}
,"/home/akash/Documents/projects/React JS/testing--01-finished/src/containers/Auth/Logout/Logout.js": {"path":"/home/akash/Documents/projects/React JS/testing--01-finished/src/containers/Auth/Logout/Logout.js","statementMap":{"0":{"start":{"line":1,"column":13},"end":{"line":1,"column":75}},"1":{"start":{"line":1,"column":94},"end":{"line":1,"column":193}},"2":{"start":{"line":1,"column":207},"end":{"line":1,"column":223}},"3":{"start":{"line":1,"column":238},"end":{"line":1,"column":268}},"4":{"start":{"line":2,"column":22},"end":{"line":2,"column":49}},"5":{"start":{"line":3,"column":18},"end":{"line":3,"column":40}},"6":{"start":{"line":5,"column":13},"end":{"line":5,"column":52}},"7":{"start":{"line":5,"column":67},"end":{"line":5,"column":98}},"8":{"start":{"line":5,"column":138},"end":{"line":5,"column":354}},"9":{"start":{"line":5,"column":166},"end":{"line":5,"column":177}},"10":{"start":{"line":5,"column":198},"end":{"line":5,"column":200}},"11":{"start":{"line":5,"column":201},"end":{"line":5,"column":318}},"12":{"start":{"line":5,"column":219},"end":{"line":5,"column":317}},"13":{"start":{"line":5,"column":241},"end":{"line":5,"column":316}},"14":{"start":{"line":5,"column":293},"end":{"line":5,"column":316}},"15":{"start":{"line":5,"column":318},"end":{"line":5,"column":339}},"16":{"start":{"line":5,"column":339},"end":{"line":5,"column":353}},"17":{"start":{"line":5,"column":393},"end":{"line":5,"column":447}},"18":{"start":{"line":9,"column":8},"end":{"line":9,"column":30}},"19":{"start":{"line":13,"column":8},"end":{"line":13,"column":152}},"20":{"start":{"line":17,"column":27},"end":{"line":21,"column":1}},"21":{"start":{"line":18,"column":4},"end":{"line":19,"column":53}},"22":{"start":{"line":19,"column":24},"end":{"line":19,"column":50}},"23":{"start":{"line":21,"column":2},"end":{"line":23,"column":59}}},"fnMap":{"0":{"name":"_interopRequireWildcard","decl":{"start":{"line":5,"column":108},"end":{"line":5,"column":131}},"loc":{"start":{"line":5,"column":137},"end":{"line":5,"column":355}},"line":5},"1":{"name":"_interopRequireDefault","decl":{"start":{"line":5,"column":364},"end":{"line":5,"column":386}},"loc":{"start":{"line":5,"column":392},"end":{"line":5,"column":448}},"line":5},"2":{"name":"(anonymous_2)","decl":{"start":{"line":8,"column":4},"end":{"line":8,"column":5}},"loc":{"start":{"line":8,"column":24},"end":{"line":10,"column":5}},"line":8},"3":{"name":"(anonymous_3)","decl":{"start":{"line":12,"column":4},"end":{"line":12,"column":5}},"loc":{"start":{"line":12,"column":13},"end":{"line":14,"column":5}},"line":12},"4":{"name":"(anonymous_4)","decl":{"start":{"line":17,"column":27},"end":{"line":17,"column":28}},"loc":{"start":{"line":17,"column":39},"end":{"line":21,"column":1}},"line":17},"5":{"name":"(anonymous_5)","decl":{"start":{"line":19,"column":18},"end":{"line":19,"column":19}},"loc":{"start":{"line":19,"column":24},"end":{"line":19,"column":50}},"line":19}},"branchMap":{"0":{"loc":{"start":{"line":5,"column":138},"end":{"line":5,"column":354}},"type":"if","locations":[{"start":{"line":5,"column":138},"end":{"line":5,"column":354}},{"start":{"line":5,"column":138},"end":{"line":5,"column":354}}],"line":5},"1":{"loc":{"start":{"line":5,"column":142},"end":{"line":5,"column":163}},"type":"binary-expr","locations":[{"start":{"line":5,"column":142},"end":{"line":5,"column":145}},{"start":{"line":5,"column":149},"end":{"line":5,"column":163}}],"line":5},"2":{"loc":{"start":{"line":5,"column":201},"end":{"line":5,"column":318}},"type":"if","locations":[{"start":{"line":5,"column":201},"end":{"line":5,"column":318}},{"start":{"line":5,"column":201},"end":{"line":5,"column":318}}],"line":5},"3":{"loc":{"start":{"line":5,"column":241},"end":{"line":5,"column":316}},"type":"if","locations":[{"start":{"line":5,"column":241},"end":{"line":5,"column":316}},{"start":{"line":5,"column":241},"end":{"line":5,"column":316}}],"line":5},"4":{"loc":{"start":{"line":5,"column":400},"end":{"line":5,"column":446}},"type":"cond-expr","locations":[{"start":{"line":5,"column":424},"end":{"line":5,"column":427}},{"start":{"line":5,"column":430},"end":{"line":5,"column":446}}],"line":5},"5":{"loc":{"start":{"line":5,"column":400},"end":{"line":5,"column":421}},"type":"binary-expr","locations":[{"start":{"line":5,"column":400},"end":{"line":5,"column":403}},{"start":{"line":5,"column":407},"end":{"line":5,"column":421}}],"line":5}},"s":{"0":0,"1":0,"2":0,"3":0,"4":0,"5":0,"6":0,"7":0,"8":0,"9":0,"10":0,"11":0,"12":0,"13":0,"14":0,"15":0,"16":0,"17":0,"18":0,"19":0,"20":0,"21":0,"22":0,"23":0},"f":{"0":0,"1":0,"2":0,"3":0,"4":0,"5":0},"b":{"0":[0,0],"1":[0,0],"2":[0,0],"3":[0,0],"4":[0,0],"5":[0,0]}}
,"/home/akash/Documents/projects/React JS/testing--01-finished/src/containers/BurgerBuilder/BurgerBuilder.js": {"path":"/home/akash/Documents/projects/React JS/testing--01-finished/src/containers/BurgerBuilder/BurgerBuilder.js","statementMap":{"0":{"start":{"line":23,"column":4},"end":{"line":23,"column":35}},"1":{"start":{"line":27,"column":16},"end":{"line":33,"column":11}},"2":{"start":{"line":29,"column":8},"end":{"line":29,"column":34}},"3":{"start":{"line":32,"column":8},"end":{"line":32,"column":24}},"4":{"start":{"line":34,"column":4},"end":{"line":34,"column":19}},"5":{"start":{"line":38,"column":4},"end":{"line":43,"column":5}},"6":{"start":{"line":39,"column":6},"end":{"line":39,"column":42}},"7":{"start":{"line":41,"column":6},"end":{"line":41,"column":52}},"8":{"start":{"line":42,"column":6},"end":{"line":42,"column":39}},"9":{"start":{"line":47,"column":4},"end":{"line":47,"column":41}},"10":{"start":{"line":51,"column":4},"end":{"line":51,"column":32}},"11":{"start":{"line":52,"column":4},"end":{"line":52,"column":41}},"12":{"start":{"line":56,"column":25},"end":{"line":58,"column":5}},"13":{"start":{"line":59,"column":4},"end":{"line":61,"column":5}},"14":{"start":{"line":60,"column":6},"end":{"line":60,"column":49}},"15":{"start":{"line":62,"column":23},"end":{"line":62,"column":27}},"16":{"start":{"line":63,"column":17},"end":{"line":67,"column":5}},"17":{"start":{"line":69,"column":4},"end":{"line":92,"column":5}},"18":{"start":{"line":70,"column":6},"end":{"line":83,"column":8}},"19":{"start":{"line":84,"column":6},"end":{"line":91,"column":8}},"20":{"start":{"line":94,"column":4},"end":{"line":104,"column":6}},"21":{"start":{"line":108,"column":24},"end":{"line":115,"column":1}},"22":{"start":{"line":109,"column":2},"end":{"line":114,"column":4}},"23":{"start":{"line":117,"column":27},"end":{"line":125,"column":1}},"24":{"start":{"line":118,"column":2},"end":{"line":124,"column":4}},"25":{"start":{"line":119,"column":34},"end":{"line":119,"column":74}},"26":{"start":{"line":120,"column":36},"end":{"line":120,"column":79}},"27":{"start":{"line":121,"column":29},"end":{"line":121,"column":64}},"28":{"start":{"line":122,"column":26},"end":{"line":122,"column":58}},"29":{"start":{"line":123,"column":35},"end":{"line":123,"column":78}}},"fnMap":{"0":{"name":"(anonymous_0)","decl":{"start":{"line":22,"column":2},"end":{"line":22,"column":3}},"loc":{"start":{"line":22,"column":22},"end":{"line":24,"column":3}},"line":22},"1":{"name":"(anonymous_1)","decl":{"start":{"line":26,"column":2},"end":{"line":26,"column":3}},"loc":{"start":{"line":26,"column":35},"end":{"line":35,"column":3}},"line":26},"2":{"name":"(anonymous_2)","decl":{"start":{"line":28,"column":11},"end":{"line":28,"column":12}},"loc":{"start":{"line":28,"column":20},"end":{"line":30,"column":7}},"line":28},"3":{"name":"(anonymous_3)","decl":{"start":{"line":31,"column":14},"end":{"line":31,"column":15}},"loc":{"start":{"line":31,"column":27},"end":{"line":33,"column":7}},"line":31},"4":{"name":"(anonymous_4)","decl":{"start":{"line":37,"column":20},"end":{"line":37,"column":21}},"loc":{"start":{"line":37,"column":26},"end":{"line":44,"column":3}},"line":37},"5":{"name":"(anonymous_5)","decl":{"start":{"line":46,"column":26},"end":{"line":46,"column":27}},"loc":{"start":{"line":46,"column":32},"end":{"line":48,"column":3}},"line":46},"6":{"name":"(anonymous_6)","decl":{"start":{"line":50,"column":28},"end":{"line":50,"column":29}},"loc":{"start":{"line":50,"column":34},"end":{"line":53,"column":3}},"line":50},"7":{"name":"(anonymous_7)","decl":{"start":{"line":55,"column":2},"end":{"line":55,"column":3}},"loc":{"start":{"line":55,"column":11},"end":{"line":105,"column":3}},"line":55},"8":{"name":"(anonymous_8)","decl":{"start":{"line":108,"column":24},"end":{"line":108,"column":25}},"loc":{"start":{"line":108,"column":33},"end":{"line":115,"column":1}},"line":108},"9":{"name":"(anonymous_9)","decl":{"start":{"line":117,"column":27},"end":{"line":117,"column":28}},"loc":{"start":{"line":117,"column":39},"end":{"line":125,"column":1}},"line":117},"10":{"name":"(anonymous_10)","decl":{"start":{"line":119,"column":23},"end":{"line":119,"column":24}},"loc":{"start":{"line":119,"column":34},"end":{"line":119,"column":74}},"line":119},"11":{"name":"(anonymous_11)","decl":{"start":{"line":120,"column":25},"end":{"line":120,"column":26}},"loc":{"start":{"line":120,"column":36},"end":{"line":120,"column":79}},"line":120},"12":{"name":"(anonymous_12)","decl":{"start":{"line":121,"column":23},"end":{"line":121,"column":24}},"loc":{"start":{"line":121,"column":29},"end":{"line":121,"column":64}},"line":121},"13":{"name":"(anonymous_13)","decl":{"start":{"line":122,"column":20},"end":{"line":122,"column":21}},"loc":{"start":{"line":122,"column":26},"end":{"line":122,"column":58}},"line":122},"14":{"name":"(anonymous_14)","decl":{"start":{"line":123,"column":27},"end":{"line":123,"column":28}},"loc":{"start":{"line":123,"column":35},"end":{"line":123,"column":78}},"line":123}},"branchMap":{"0":{"loc":{"start":{"line":38,"column":4},"end":{"line":43,"column":5}},"type":"if","locations":[{"start":{"line":38,"column":4},"end":{"line":43,"column":5}},{"start":{"line":38,"column":4},"end":{"line":43,"column":5}}],"line":38},"1":{"loc":{"start":{"line":63,"column":17},"end":{"line":67,"column":5}},"type":"cond-expr","locations":[{"start":{"line":64,"column":6},"end":{"line":64,"column":41}},{"start":{"line":66,"column":6},"end":{"line":66,"column":17}}],"line":63},"2":{"loc":{"start":{"line":69,"column":4},"end":{"line":92,"column":5}},"type":"if","locations":[{"start":{"line":69,"column":4},"end":{"line":92,"column":5}},{"start":{"line":69,"column":4},"end":{"line":92,"column":5}}],"line":69}},"s":{"0":1,"1":1,"2":1,"3":1,"4":1,"5":0,"6":0,"7":0,"8":0,"9":0,"10":0,"11":0,"12":2,"13":2,"14":1,"15":2,"16":2,"17":2,"18":1,"19":1,"20":2,"21":1,"22":0,"23":1,"24":0,"25":0,"26":0,"27":0,"28":0,"29":0},"f":{"0":1,"1":1,"2":1,"3":1,"4":0,"5":0,"6":0,"7":2,"8":0,"9":0,"10":0,"11":0,"12":0,"13":0,"14":0},"b":{"0":[0,0],"1":[0,2],"2":[1,1]},"_coverageSchema":"332fd63041d2c1bcb487cc26dd0d5f7d97098a6c","hash":"48ed5effc7e9da25bacd3d10536c750d7ac6a36f"}
,"/home/akash/Documents/projects/React JS/testing--01-finished/src/containers/Checkout/Checkout.js": {"path":"/home/akash/Documents/projects/React JS/testing--01-finished/src/containers/Checkout/Checkout.js","statementMap":{"0":{"start":{"line":1,"column":13},"end":{"line":1,"column":75}},"1":{"start":{"line":1,"column":94},"end":{"line":1,"column":192}},"2":{"start":{"line":1,"column":206},"end":{"line":1,"column":222}},"3":{"start":{"line":1,"column":237},"end":{"line":1,"column":267}},"4":{"start":{"line":2,"column":22},"end":{"line":2,"column":49}},"5":{"start":{"line":3,"column":18},"end":{"line":3,"column":40}},"6":{"start":{"line":5,"column":23},"end":{"line":5,"column":88}},"7":{"start":{"line":5,"column":113},"end":{"line":5,"column":153}},"8":{"start":{"line":6,"column":19},"end":{"line":6,"column":55}},"9":{"start":{"line":6,"column":76},"end":{"line":6,"column":112}},"10":{"start":{"line":6,"column":151},"end":{"line":6,"column":205}},"11":{"start":{"line":8,"column":73},"end":{"line":16,"column":17}},"12":{"start":{"line":11,"column":12},"end":{"line":11,"column":40}},"13":{"start":{"line":15,"column":12},"end":{"line":15,"column":65}},"14":{"start":{"line":19,"column":22},"end":{"line":19,"column":158}},"15":{"start":{"line":20,"column":8},"end":{"line":34,"column":9}},"16":{"start":{"line":21,"column":38},"end":{"line":21,"column":204}},"17":{"start":{"line":22,"column":12},"end":{"line":31,"column":125}},"18":{"start":{"line":35,"column":8},"end":{"line":35,"column":23}},"19":{"start":{"line":39,"column":24},"end":{"line":44,"column":1}},"20":{"start":{"line":40,"column":4},"end":{"line":42,"column":43}},"21":{"start":{"line":44,"column":2},"end":{"line":46,"column":52}}},"fnMap":{"0":{"name":"_interopRequireDefault","decl":{"start":{"line":6,"column":122},"end":{"line":6,"column":144}},"loc":{"start":{"line":6,"column":150},"end":{"line":6,"column":206}},"line":6},"1":{"name":"(anonymous_1)","decl":{"start":{"line":8,"column":41},"end":{"line":8,"column":42}},"loc":{"start":{"line":8,"column":62},"end":{"line":16,"column":18}},"line":8},"2":{"name":"(anonymous_2)","decl":{"start":{"line":10,"column":35},"end":{"line":10,"column":36}},"loc":{"start":{"line":10,"column":41},"end":{"line":12,"column":9}},"line":10},"3":{"name":"(anonymous_3)","decl":{"start":{"line":14,"column":35},"end":{"line":14,"column":36}},"loc":{"start":{"line":14,"column":41},"end":{"line":16,"column":9}},"line":14},"4":{"name":"(anonymous_4)","decl":{"start":{"line":18,"column":4},"end":{"line":18,"column":5}},"loc":{"start":{"line":18,"column":13},"end":{"line":36,"column":5}},"line":18},"5":{"name":"(anonymous_5)","decl":{"start":{"line":39,"column":24},"end":{"line":39,"column":25}},"loc":{"start":{"line":39,"column":33},"end":{"line":44,"column":1}},"line":39}},"branchMap":{"0":{"loc":{"start":{"line":6,"column":158},"end":{"line":6,"column":204}},"type":"cond-expr","locations":[{"start":{"line":6,"column":182},"end":{"line":6,"column":185}},{"start":{"line":6,"column":188},"end":{"line":6,"column":204}}],"line":6},"1":{"loc":{"start":{"line":6,"column":158},"end":{"line":6,"column":179}},"type":"binary-expr","locations":[{"start":{"line":6,"column":158},"end":{"line":6,"column":161}},{"start":{"line":6,"column":165},"end":{"line":6,"column":179}}],"line":6},"2":{"loc":{"start":{"line":20,"column":8},"end":{"line":34,"column":9}},"type":"if","locations":[{"start":{"line":20,"column":8},"end":{"line":34,"column":9}},{"start":{"line":20,"column":8},"end":{"line":34,"column":9}}],"line":20},"3":{"loc":{"start":{"line":21,"column":38},"end":{"line":21,"column":204}},"type":"cond-expr","locations":[{"start":{"line":21,"column":61},"end":{"line":21,"column":197}},{"start":{"line":21,"column":200},"end":{"line":21,"column":204}}],"line":21}},"s":{"0":0,"1":0,"2":0,"3":0,"4":0,"5":0,"6":0,"7":0,"8":0,"9":0,"10":0,"11":0,"12":0,"13":0,"14":0,"15":0,"16":0,"17":0,"18":0,"19":0,"20":0,"21":0},"f":{"0":0,"1":0,"2":0,"3":0,"4":0,"5":0},"b":{"0":[0,0],"1":[0,0],"2":[0,0],"3":[0,0]}}
,"/home/akash/Documents/projects/React JS/testing--01-finished/src/containers/Checkout/ContactData/ContactData.js": {"path":"/home/akash/Documents/projects/React JS/testing--01-finished/src/containers/Checkout/ContactData/ContactData.js","statementMap":{"0":{"start":{"line":1,"column":13},"end":{"line":1,"column":75}},"1":{"start":{"line":1,"column":94},"end":{"line":1,"column":207}},"2":{"start":{"line":1,"column":221},"end":{"line":1,"column":237}},"3":{"start":{"line":1,"column":252},"end":{"line":1,"column":282}},"4":{"start":{"line":2,"column":18},"end":{"line":2,"column":40}},"5":{"start":{"line":4,"column":14},"end":{"line":4,"column":61}},"6":{"start":{"line":4,"column":77},"end":{"line":4,"column":108}},"7":{"start":{"line":5,"column":15},"end":{"line":5,"column":64}},"8":{"start":{"line":5,"column":81},"end":{"line":5,"column":113}},"9":{"start":{"line":6,"column":19},"end":{"line":6,"column":47}},"10":{"start":{"line":6,"column":68},"end":{"line":6,"column":104}},"11":{"start":{"line":7,"column":19},"end":{"line":7,"column":51}},"12":{"start":{"line":7,"column":72},"end":{"line":7,"column":108}},"13":{"start":{"line":8,"column":13},"end":{"line":8,"column":58}},"14":{"start":{"line":8,"column":73},"end":{"line":8,"column":103}},"15":{"start":{"line":9,"column":24},"end":{"line":9,"column":81}},"16":{"start":{"line":9,"column":107},"end":{"line":9,"column":148}},"17":{"start":{"line":10,"column":13},"end":{"line":10,"column":52}},"18":{"start":{"line":10,"column":67},"end":{"line":10,"column":98}},"19":{"start":{"line":11,"column":15},"end":{"line":11,"column":49}},"20":{"start":{"line":11,"column":89},"end":{"line":11,"column":305}},"21":{"start":{"line":11,"column":117},"end":{"line":11,"column":128}},"22":{"start":{"line":11,"column":149},"end":{"line":11,"column":151}},"23":{"start":{"line":11,"column":152},"end":{"line":11,"column":269}},"24":{"start":{"line":11,"column":170},"end":{"line":11,"column":268}},"25":{"start":{"line":11,"column":192},"end":{"line":11,"column":267}},"26":{"start":{"line":11,"column":244},"end":{"line":11,"column":267}},"27":{"start":{"line":11,"column":269},"end":{"line":11,"column":290}},"28":{"start":{"line":11,"column":290},"end":{"line":11,"column":304}},"29":{"start":{"line":11,"column":344},"end":{"line":11,"column":398}},"30":{"start":{"line":13,"column":76},"end":{"line":135,"column":17}},"31":{"start":{"line":102,"column":12},"end":{"line":102,"column":35}},"32":{"start":{"line":104,"column":29},"end":{"line":104,"column":31}},"33":{"start":{"line":105,"column":12},"end":{"line":107,"column":13}},"34":{"start":{"line":106,"column":16},"end":{"line":106,"column":100}},"35":{"start":{"line":108,"column":26},"end":{"line":112,"column":43}},"36":{"start":{"line":115,"column":12},"end":{"line":115,"column":62}},"37":{"start":{"line":121,"column":39},"end":{"line":124,"column":32}},"38":{"start":{"line":126,"column":37},"end":{"line":127,"column":56}},"39":{"start":{"line":130,"column":30},"end":{"line":130,"column":34}},"40":{"start":{"line":131,"column":12},"end":{"line":133,"column":13}},"41":{"start":{"line":132,"column":16},"end":{"line":132,"column":85}},"42":{"start":{"line":134,"column":12},"end":{"line":134,"column":85}},"43":{"start":{"line":138,"column":34},"end":{"line":138,"column":36}},"44":{"start":{"line":139,"column":8},"end":{"line":144,"column":9}},"45":{"start":{"line":140,"column":12},"end":{"line":142,"column":53}},"46":{"start":{"line":146,"column":8},"end":{"line":158,"column":197}},"47":{"start":{"line":148,"column":12},"end":{"line":156,"column":153}},"48":{"start":{"line":156,"column":34},"end":{"line":156,"column":81}},"49":{"start":{"line":161,"column":8},"end":{"line":163,"column":9}},"50":{"start":{"line":162,"column":12},"end":{"line":162,"column":141}},"51":{"start":{"line":164,"column":8},"end":{"line":167,"column":23}},"52":{"start":{"line":173,"column":24},"end":{"line":181,"column":1}},"53":{"start":{"line":174,"column":4},"end":{"line":179,"column":36}},"54":{"start":{"line":183,"column":27},"end":{"line":187,"column":1}},"55":{"start":{"line":184,"column":4},"end":{"line":185,"column":98}},"56":{"start":{"line":185,"column":45},"end":{"line":185,"column":95}},"57":{"start":{"line":187,"column":2},"end":{"line":189,"column":131}}},"fnMap":{"0":{"name":"_interopRequireWildcard","decl":{"start":{"line":11,"column":59},"end":{"line":11,"column":82}},"loc":{"start":{"line":11,"column":88},"end":{"line":11,"column":306}},"line":11},"1":{"name":"_interopRequireDefault","decl":{"start":{"line":11,"column":315},"end":{"line":11,"column":337}},"loc":{"start":{"line":11,"column":343},"end":{"line":11,"column":399}},"line":11},"2":{"name":"(anonymous_2)","decl":{"start":{"line":13,"column":44},"end":{"line":13,"column":45}},"loc":{"start":{"line":13,"column":65},"end":{"line":135,"column":18}},"line":13},"3":{"name":"(anonymous_3)","decl":{"start":{"line":101,"column":23},"end":{"line":101,"column":24}},"loc":{"start":{"line":101,"column":32},"end":{"line":117,"column":9}},"line":101},"4":{"name":"(anonymous_4)","decl":{"start":{"line":119,"column":30},"end":{"line":119,"column":31}},"loc":{"start":{"line":119,"column":58},"end":{"line":135,"column":9}},"line":119},"5":{"name":"(anonymous_5)","decl":{"start":{"line":137,"column":4},"end":{"line":137,"column":5}},"loc":{"start":{"line":137,"column":13},"end":{"line":170,"column":5}},"line":137},"6":{"name":"(anonymous_6)","decl":{"start":{"line":147,"column":34},"end":{"line":147,"column":35}},"loc":{"start":{"line":148,"column":12},"end":{"line":156,"column":153}},"line":148},"7":{"name":"(anonymous_7)","decl":{"start":{"line":156,"column":25},"end":{"line":156,"column":26}},"loc":{"start":{"line":156,"column":34},"end":{"line":156,"column":81}},"line":156},"8":{"name":"(anonymous_8)","decl":{"start":{"line":173,"column":24},"end":{"line":173,"column":25}},"loc":{"start":{"line":173,"column":33},"end":{"line":181,"column":1}},"line":173},"9":{"name":"(anonymous_9)","decl":{"start":{"line":183,"column":27},"end":{"line":183,"column":28}},"loc":{"start":{"line":183,"column":39},"end":{"line":187,"column":1}},"line":183},"10":{"name":"(anonymous_10)","decl":{"start":{"line":185,"column":23},"end":{"line":185,"column":24}},"loc":{"start":{"line":185,"column":45},"end":{"line":185,"column":95}},"line":185}},"branchMap":{"0":{"loc":{"start":{"line":11,"column":89},"end":{"line":11,"column":305}},"type":"if","locations":[{"start":{"line":11,"column":89},"end":{"line":11,"column":305}},{"start":{"line":11,"column":89},"end":{"line":11,"column":305}}],"line":11},"1":{"loc":{"start":{"line":11,"column":93},"end":{"line":11,"column":114}},"type":"binary-expr","locations":[{"start":{"line":11,"column":93},"end":{"line":11,"column":96}},{"start":{"line":11,"column":100},"end":{"line":11,"column":114}}],"line":11},"2":{"loc":{"start":{"line":11,"column":152},"end":{"line":11,"column":269}},"type":"if","locations":[{"start":{"line":11,"column":152},"end":{"line":11,"column":269}},{"start":{"line":11,"column":152},"end":{"line":11,"column":269}}],"line":11},"3":{"loc":{"start":{"line":11,"column":192},"end":{"line":11,"column":267}},"type":"if","locations":[{"start":{"line":11,"column":192},"end":{"line":11,"column":267}},{"start":{"line":11,"column":192},"end":{"line":11,"column":267}}],"line":11},"4":{"loc":{"start":{"line":11,"column":351},"end":{"line":11,"column":397}},"type":"cond-expr","locations":[{"start":{"line":11,"column":375},"end":{"line":11,"column":378}},{"start":{"line":11,"column":381},"end":{"line":11,"column":397}}],"line":11},"5":{"loc":{"start":{"line":11,"column":351},"end":{"line":11,"column":372}},"type":"binary-expr","locations":[{"start":{"line":11,"column":351},"end":{"line":11,"column":354}},{"start":{"line":11,"column":358},"end":{"line":11,"column":372}}],"line":11},"6":{"loc":{"start":{"line":132,"column":30},"end":{"line":132,"column":84}},"type":"binary-expr","locations":[{"start":{"line":132,"column":30},"end":{"line":132,"column":69}},{"start":{"line":132,"column":73},"end":{"line":132,"column":84}}],"line":132},"7":{"loc":{"start":{"line":161,"column":8},"end":{"line":163,"column":9}},"type":"if","locations":[{"start":{"line":161,"column":8},"end":{"line":163,"column":9}},{"start":{"line":161,"column":8},"end":{"line":163,"column":9}}],"line":161}},"s":{"0":0,"1":0,"2":0,"3":0,"4":0,"5":0,"6":0,"7":0,"8":0,"9":0,"10":0,"11":0,"12":0,"13":0,"14":0,"15":0,"16":0,"17":0,"18":0,"19":0,"20":0,"21":0,"22":0,"23":0,"24":0,"25":0,"26":0,"27":0,"28":0,"29":0,"30":0,"31":0,"32":0,"33":0,"34":0,"35":0,"36":0,"37":0,"38":0,"39":0,"40":0,"41":0,"42":0,"43":0,"44":0,"45":0,"46":0,"47":0,"48":0,"49":0,"50":0,"51":0,"52":0,"53":0,"54":0,"55":0,"56":0,"57":0},"f":{"0":0,"1":0,"2":0,"3":0,"4":0,"5":0,"6":0,"7":0,"8":0,"9":0,"10":0},"b":{"0":[0,0],"1":[0,0],"2":[0,0],"3":[0,0],"4":[0,0],"5":[0,0],"6":[0,0],"7":[0,0]}}
,"/home/akash/Documents/projects/React JS/testing--01-finished/src/containers/Orders/Orders.js": {"path":"/home/akash/Documents/projects/React JS/testing--01-finished/src/containers/Orders/Orders.js","statementMap":{"0":{"start":{"line":1,"column":13},"end":{"line":1,"column":75}},"1":{"start":{"line":1,"column":94},"end":{"line":1,"column":188}},"2":{"start":{"line":1,"column":202},"end":{"line":1,"column":218}},"3":{"start":{"line":1,"column":233},"end":{"line":1,"column":263}},"4":{"start":{"line":2,"column":18},"end":{"line":2,"column":40}},"5":{"start":{"line":4,"column":13},"end":{"line":4,"column":52}},"6":{"start":{"line":4,"column":67},"end":{"line":4,"column":97}},"7":{"start":{"line":5,"column":19},"end":{"line":5,"column":48}},"8":{"start":{"line":5,"column":69},"end":{"line":5,"column":105}},"9":{"start":{"line":6,"column":24},"end":{"line":6,"column":78}},"10":{"start":{"line":6,"column":104},"end":{"line":6,"column":145}},"11":{"start":{"line":7,"column":13},"end":{"line":7,"column":49}},"12":{"start":{"line":7,"column":64},"end":{"line":7,"column":95}},"13":{"start":{"line":8,"column":15},"end":{"line":8,"column":61}},"14":{"start":{"line":8,"column":78},"end":{"line":8,"column":110}},"15":{"start":{"line":8,"column":150},"end":{"line":8,"column":366}},"16":{"start":{"line":8,"column":178},"end":{"line":8,"column":189}},"17":{"start":{"line":8,"column":210},"end":{"line":8,"column":212}},"18":{"start":{"line":8,"column":213},"end":{"line":8,"column":330}},"19":{"start":{"line":8,"column":231},"end":{"line":8,"column":329}},"20":{"start":{"line":8,"column":253},"end":{"line":8,"column":328}},"21":{"start":{"line":8,"column":305},"end":{"line":8,"column":328}},"22":{"start":{"line":8,"column":330},"end":{"line":8,"column":351}},"23":{"start":{"line":8,"column":351},"end":{"line":8,"column":365}},"24":{"start":{"line":8,"column":405},"end":{"line":8,"column":459}},"25":{"start":{"line":12,"column":8},"end":{"line":12,"column":70}},"26":{"start":{"line":16,"column":21},"end":{"line":16,"column":141}},"27":{"start":{"line":17,"column":8},"end":{"line":24,"column":9}},"28":{"start":{"line":18,"column":12},"end"
[...]
art":{"line":60,"column":2},"end":{"line":62,"column":4}},"20":{"start":{"line":65,"column":27},"end":{"line":86,"column":1}},"21":{"start":{"line":66,"column":2},"end":{"line":85,"column":4}},"22":{"start":{"line":67,"column":4},"end":{"line":67,"column":33}},"23":{"start":{"line":69,"column":6},"end":{"line":69,"column":69}},"24":{"start":{"line":70,"column":4},"end":{"line":84,"column":9}},"25":{"start":{"line":73,"column":30},"end":{"line":73,"column":32}},"26":{"start":{"line":74,"column":8},"end":{"line":79,"column":9}},"27":{"start":{"line":75,"column":10},"end":{"line":78,"column":13}},"28":{"start":{"line":80,"column":8},"end":{"line":80,"column":52}},"29":{"start":{"line":83,"column":8},"end":{"line":83,"column":39}}},"fnMap":{"0":{"name":"(anonymous_0)","decl":{"start":{"line":4,"column":37},"end":{"line":4,"column":38}},"loc":{"start":{"line":4,"column":56},"end":{"line":10,"column":1}},"line":4},"1":{"name":"(anonymous_1)","decl":{"start":{"line":12,"column":34},"end":{"line":12,"column":35}},"loc":{"start":{"line":12,"column":43},"end":{"line":17,"column":1}},"line":12},"2":{"name":"(anonymous_2)","decl":{"start":{"line":19,"column":35},"end":{"line":19,"column":36}},"loc":{"start":{"line":19,"column":41},"end":{"line":23,"column":1}},"line":19},"3":{"name":"(anonymous_3)","decl":{"start":{"line":25,"column":30},"end":{"line":25,"column":31}},"loc":{"start":{"line":25,"column":52},"end":{"line":37,"column":1}},"line":25},"4":{"name":"(anonymous_4)","decl":{"start":{"line":26,"column":9},"end":{"line":26,"column":10}},"loc":{"start":{"line":26,"column":21},"end":{"line":36,"column":3}},"line":26},"5":{"name":"(anonymous_5)","decl":{"start":{"line":30,"column":12},"end":{"line":30,"column":13}},"loc":{"start":{"line":30,"column":24},"end":{"line":32,"column":7}},"line":30},"6":{"name":"(anonymous_6)","decl":{"start":{"line":33,"column":13},"end":{"line":33,"column":14}},"loc":{"start":{"line":33,"column":22},"end":{"line":35,"column":7}},"line":33},"7":{"name":"(anonymous_7)","decl":{"start":{"line":39,"column":28},"end":{"line":39,"column":29}},"loc":{"start":{"line":39,"column":34},"end":{"line":43,"column":1}},"line":39},"8":{"name":"(anonymous_8)","decl":{"start":{"line":45,"column":34},"end":{"line":45,"column":35}},"loc":{"start":{"line":45,"column":44},"end":{"line":50,"column":1}},"line":45},"9":{"name":"(anonymous_9)","decl":{"start":{"line":52,"column":31},"end":{"line":52,"column":32}},"loc":{"start":{"line":52,"column":40},"end":{"line":57,"column":1}},"line":52},"10":{"name":"(anonymous_10)","decl":{"start":{"line":59,"column":32},"end":{"line":59,"column":33}},"loc":{"start":{"line":59,"column":38},"end":{"line":63,"column":1}},"line":59},"11":{"name":"(anonymous_11)","decl":{"start":{"line":65,"column":27},"end":{"line":65,"column":28}},"loc":{"start":{"line":65,"column":46},"end":{"line":86,"column":1}},"line":65},"12":{"name":"(anonymous_12)","decl":{"start":{"line":66,"column":9},"end":{"line":66,"column":10}},"loc":{"start":{"line":66,"column":21},"end":{"line":85,"column":3}},"line":66},"13":{"name":"(anonymous_13)","decl":{"start":{"line":72,"column":12},"end":{"line":72,"column":13}},"loc":{"start":{"line":72,"column":19},"end":{"line":81,"column":7}},"line":72},"14":{"name":"(anonymous_14)","decl":{"start":{"line":82,"column":13},"end":{"line":82,"column":14}},"loc":{"start":{"line":82,"column":20},"end":{"line":84,"column":7}},"line":82}},"branchMap":{},"s":{"0":1,"1":0,"2":1,"3":0,"4":1,"5":0,"6":1,"7":0,"8":0,"9":0,"10":0,"11":0,"12":1,"13":0,"14":1,"15":0,"16":1,"17":0,"18":1,"19":0,"20":1,"21":0,"22":0,"23":0,"24":0,"25":0,"26":0,"27":0,"28":0,"29":0},"f":{"0":0,"1":0,"2":0,"3":0,"4":0,"5":0,"6":0,"7":0,"8":0,"9":0,"10":0,"11":0,"12":0,"13":0,"14":0},"b":{},"_coverageSchema":"332fd63041d2c1bcb487cc26dd0d5f7d97098a6c","hash":"e94cb6df07d56f63b59438620637d56735a4371f"}
,"/home/akash/Documents/projects/React JS/testing--01-finished/src/store/reducers/auth.js": {"path":"/home/akash/Documents/projects/React JS/testing--01-finished/src/store/reducers/auth.js","statementMap":{"0":{"start":{"line":4,"column":21},"end":{"line":10,"column":1}},"1":{"start":{"line":12,"column":18},"end":{"line":14,"column":1}},"2":{"start":{"line":13,"column":4},"end":{"line":13,"column":65}},"3":{"start":{"line":16,"column":20},"end":{"line":23,"column":1}},"4":{"start":{"line":17,"column":4},"end":{"line":22,"column":9}},"5":{"start":{"line":25,"column":17},"end":{"line":30,"column":1}},"6":{"start":{"line":26,"column":4},"end":{"line":29,"column":7}},"7":{"start":{"line":32,"column":19},"end":{"line":34,"column":1}},"8":{"start":{"line":33,"column":4},"end":{"line":33,"column":62}},"9":{"start":{"line":36,"column":28},"end":{"line":38,"column":1}},"10":{"start":{"line":37,"column":4},"end":{"line":37,"column":65}},"11":{"start":{"line":40,"column":16},"end":{"line":50,"column":1}},"12":{"start":{"line":41,"column":4},"end":{"line":49,"column":5}},"13":{"start":{"line":42,"column":37},"end":{"line":42,"column":69}},"14":{"start":{"line":43,"column":39},"end":{"line":43,"column":73}},"15":{"start":{"line":44,"column":36},"end":{"line":44,"column":67}},"16":{"start":{"line":45,"column":38},"end":{"line":45,"column":71}},"17":{"start":{"line":46,"column":49},"end":{"line":46,"column":90}},"18":{"start":{"line":48,"column":12},"end":{"line":48,"column":25}}},"fnMap":{"0":{"name":"(anonymous_0)","decl":{"start":{"line":12,"column":18},"end":{"line":12,"column":19}},"loc":{"start":{"line":12,"column":39},"end":{"line":14,"column":1}},"line":12},"1":{"name":"(anonymous_1)","decl":{"start":{"line":16,"column":20},"end":{"line":16,"column":21}},"loc":{"start":{"line":16,"column":39},"end":{"line":23,"column":1}},"line":16},"2":{"name":"(anonymous_2)","decl":{"start":{"line":25,"column":17},"end":{"line":25,"column":18}},"loc":{"start":{"line":25,"column":36},"end":{"line":30,"column":1}},"line":25},"3":{"name":"(anonymous_3)","decl":{"start":{"line":32,"column":19},"end":{"line":32,"column":20}},"loc":{"start":{"line":32,"column":38},"end":{"line":34,"column":1}},"line":32},"4":{"name":"(anonymous_4)","decl":{"start":{"line":36,"column":28},"end":{"line":36,"column":29}},"loc":{"start":{"line":36,"column":47},"end":{"line":38,"column":1}},"line":36},"5":{"name":"(anonymous_5)","decl":{"start":{"line":40,"column":16},"end":{"line":40,"column":17}},"loc":{"start":{"line":40,"column":52},"end":{"line":50,"column":1}},"line":40}},"branchMap":{"0":{"loc":{"start":{"line":40,"column":18},"end":{"line":40,"column":38}},"type":"default-arg","locations":[{"start":{"line":40,"column":26},"end":{"line":40,"column":38}}],"line":40},"1":{"loc":{"start":{"line":41,"column":4},"end":{"line":49,"column":5}},"type":"switch","locations":[{"start":{"line":42,"column":8},"end":{"line":42,"column":69}},{"start":{"line":43,"column":8},"end":{"line":43,"column":73}},{"start":{"line":44,"column":8},"end":{"line":44,"column":67}},{"start":{"line":45,"column":8},"end":{"line":45,"column":71}},{"start":{"line":46,"column":8},"end":{"line":46,"column":90}},{"start":{"line":47,"column":8},"end":{"line":48,"column":25}}],"line":41}},"s":{"0":1,"1":1,"2":0,"3":1,"4":1,"5":1,"6":0,"7":1,"8":0,"9":1,"10":0,"11":1,"12":2,"13":0,"14":1,"15":0,"16":0,"17":0,"18":1},"f":{"0":0,"1":1,"2":0,"3":0,"4":0,"5":2},"b":{"0":[1],"1":[0,1,0,0,0,1]},"_coverageSchema":"332fd63041d2c1bcb487cc26dd0d5f7d97098a6c","hash":"9830f6341720c1365e7011133e83843f51c38c89"}
,"/home/akash/Documents/projects/React JS/testing--01-finished/src/store/reducers/burgerBuilder.js": {"path":"/home/akash/Documents/projects/React JS/testing--01-finished/src/store/reducers/burgerBuilder.js","statementMap":{"0":{"start":{"line":1,"column":13},"end":{"line":1,"column":75}},"1":{"start":{"line":1,"column":94},"end":{"line":1,"column":127}},"2":{"start":{"line":1,"column":146},"end":{"line":1,"column":183}},"3":{"start":{"line":2,"column":15},"end":{"line":2,"column":46}},"4":{"start":{"line":2,"column":86},"end":{"line":2,"column":302}},"5":{"start":{"line":2,"column":114},"end":{"line":2,"column":125}},"6":{"start":{"line":2,"column":146},"end":{"line":2,"column":148}},"7":{"start":{"line":2,"column":149},"end":{"line":2,"column":266}},"8":{"start":{"line":2,"column":167},"end":{"line":2,"column":265}},"9":{"start":{"line":2,"column":189},"end":{"line":2,"column":264}},"10":{"start":{"line":2,"column":241},"end":{"line":2,"column":264}},"11":{"start":{"line":2,"column":266},"end":{"line":2,"column":287}},"12":{"start":{"line":2,"column":287},"end":{"line":2,"column":301}},"13":{"start":{"line":4,"column":21},"end":{"line":8,"column":19}},"14":{"start":{"line":11,"column":26},"end":{"line":15,"column":13}},"15":{"start":{"line":18,"column":22},"end":{"line":29,"column":1}},"16":{"start":{"line":19,"column":28},"end":{"line":20,"column":75}},"17":{"start":{"line":22,"column":29},"end":{"line":22,"column":93}},"18":{"start":{"line":23,"column":23},"end":{"line":26,"column":20}},"19":{"start":{"line":28,"column":2},"end":{"line":28,"column":57}},"20":{"start":{"line":31,"column":25},"end":{"line":42,"column":1}},"21":{"start":{"line":32,"column":21},"end":{"line":33,"column":75}},"22":{"start":{"line":35,"column":22},"end":{"line":35,"column":79}},"23":{"start":{"line":36,"column":20},"end":{"line":39,"column":20}},"24":{"start":{"line":41,"column":2},"end":{"line":41,"column":54}},"25":{"start":{"line":44,"column":23},"end":{"line":56,"column":1}},"26":{"start":{"line":45,"column":2},"end":{"line":54,"column":23}},"27":{"start":{"line":58,"column":31},"end":{"line":60,"column":1}},"28":{"start":{"line":59,"column":2},"end":{"line":59,"column":60}},"29":{"start":{"line":62,"column":16},"end":{"line":75,"column":1}},"30":{"start":{"line":63,"column":2},"end":{"line":73,"column":20}},"31":{"start":{"line":65,"column":6},"end":{"line":65,"column":42}},"32":{"start":{"line":67,"column":6},"end":{"line":67,"column":45}},"33":{"start":{"line":69,"column":6},"end":{"line":69,"column":43}},"34":{"start":{"line":71,"column":6},"end":{"line":71,"column":51}},"35":{"start":{"line":73,"column":6},"end":{"line":73,"column":19}},"36":{"start":{"line":75,"column":2},"end":{"line":77,"column":8}}},"fnMap":{"0":{"name":"_interopRequireWildcard","decl":{"start":{"line":2,"column":56},"end":{"line":2,"column":79}},"loc":{"start":{"line":2,"column":85},"end":{"line":2,"column":303}},"line":2},"1":{"name":"(anonymous_1)","decl":{"start":{"line":18,"column":22},"end":{"line":18,"column":23}},"loc":{"start":{"line":18,"column":41},"end":{"line":29,"column":1}},"line":18},"2":{"name":"(anonymous_2)","decl":{"start":{"line":31,"column":25},"end":{"line":31,"column":26}},"loc":{"start":{"line":31,"column":44},"end":{"line":42,"column":1}},"line":31},"3":{"name":"(anonymous_3)","decl":{"start":{"line":44,"column":23},"end":{"line":44,"column":24}},"loc":{"start":{"line":44,"column":42},"end":{"line":56,"column":1}},"line":44},"4":{"name":"(anonymous_4)","decl":{"start":{"line":58,"column":31},"end":{"line":58,"column":32}},"loc":{"start":{"line":58,"column":50},"end":{"line":60,"column":1}},"line":58},"5":{"name":"(anonymous_5)","decl":{"start":{"line":62,"column":16},"end":{"line":62,"column":17}},"loc":{"start":{"line":62,"column":50},"end":{"line":75,"column":1}},"line":62}},"branchMap":{"0":{"loc":{"start":{"line":2,"column":86},"end":{"line":2,"column":302}},"type":"if","locations":[{"start":{"line":2,"column":86},"end":{"line":2,"column":302}},{"start":{"line":2,"column":86},"end":{"line":2,"column":302}}],"line":2},"1":{"loc":{"start":{"line":2,"column":90},"end":{"line":2,"column":111}},"type":"binary-expr","locations":[{"start":{"line":2,"column":90},"end":{"line":2,"column":93}},{"start":{"line":2,"column":97},"end":{"line":2,"column":111}}],"line":2},"2":{"loc":{"start":{"line":2,"column":149},"end":{"line":2,"column":266}},"type":"if","locations":[{"start":{"line":2,"column":149},"end":{"line":2,"column":266}},{"start":{"line":2,"column":149},"end":{"line":2,"column":266}}],"line":2},"3":{"loc":{"start":{"line":2,"column":189},"end":{"line":2,"column":264}},"type":"if","locations":[{"start":{"line":2,"column":189},"end":{"line":2,"column":264}},{"start":{"line":2,"column":189},"end":{"line":2,"column":264}}],"line":2},"4":{"loc":{"start":{"line":62,"column":17},"end":{"line":62,"column":37}},"type":"default-arg","locations":[{"start":{"line":62,"column":25},"end":{"line":62,"column":37}}],"line":62},"5":{"loc":{"start":{"line":63,"column":2},"end":{"line":73,"column":20}},"type":"switch","locations":[{"start":{"line":64,"column":4},"end":{"line":65,"column":42}},{"start":{"line":66,"column":4},"end":{"line":67,"column":45}},{"start":{"line":68,"column":4},"end":{"line":69,"column":43}},{"start":{"line":70,"column":4},"end":{"line":71,"column":51}},{"start":{"line":72,"column":4},"end":{"line":73,"column":19}}],"line":63}},"s":{"0":0,"1":0,"2":0,"3":0,"4":0,"5":0,"6":0,"7":0,"8":0,"9":0,"10":0,"11":0,"12":0,"13":0,"14":0,"15":0,"16":0,"17":0,"18":0,"19":0,"20":0,"21":0,"22":0,"23":0,"24":0,"25":0,"26":0,"27":0,"28":0,"29":0,"30":0,"31":0,"32":0,"33":0,"34":0,"35":0,"36":0},"f":{"0":0,"1":0,"2":0,"3":0,"4":0,"5":0},"b":{"0":[0,0],"1":[0,0],"2":[0,0],"3":[0,0],"4":[0],"5":[0,0,0,0,0]}}
,"/home/akash/Documents/projects/React JS/testing--01-finished/src/store/reducers/order.js": {"path":"/home/akash/Documents/projects/React JS/testing--01-finished/src/store/reducers/order.js","statementMap":{"0":{"start":{"line":1,"column":13},"end":{"line":1,"column":75}},"1":{"start":{"line":1,"column":94},"end":{"line":1,"column":127}},"2":{"start":{"line":1,"column":146},"end":{"line":1,"column":183}},"3":{"start":{"line":2,"column":15},"end":{"line":2,"column":46}},"4":{"start":{"line":2,"column":86},"end":{"line":2,"column":302}},"5":{"start":{"line":2,"column":114},"end":{"line":2,"column":125}},"6":{"start":{"line":2,"column":146},"end":{"line":2,"column":148}},"7":{"start":{"line":2,"column":149},"end":{"line":2,"column":266}},"8":{"start":{"line":2,"column":167},"end":{"line":2,"column":265}},"9":{"start":{"line":2,"column":189},"end":{"line":2,"column":264}},"10":{"start":{"line":2,"column":241},"end":{"line":2,"column":264}},"11":{"start":{"line":2,"column":266},"end":{"line":2,"column":287}},"12":{"start":{"line":2,"column":287},"end":{"line":2,"column":301}},"13":{"start":{"line":4,"column":21},"end":{"line":7,"column":22}},"14":{"start":{"line":10,"column":21},"end":{"line":12,"column":1}},"15":{"start":{"line":11,"column":4},"end":{"line":11,"column":67}},"16":{"start":{"line":14,"column":28},"end":{"line":16,"column":1}},"17":{"start":{"line":15,"column":4},"end":{"line":15,"column":64}},"18":{"start":{"line":18,"column":30},"end":{"line":25,"column":1}},"19":{"start":{"line":19,"column":21},"end":{"line":19,"column":89}},"20":{"start":{"line":20,"column":4},"end":{"line":23,"column":49}},"21":{"start":{"line":27,"column":27},"end":{"line":29,"column":1}},"22":{"start":{"line":28,"column":4},"end":{"line":28,"column":65}},"23":{"start":{"line":31,"column":25},"end":{"line":33,"column":1}},"24":{"start":{"line":32,"column":4},"end":{"line":32,"column":64}},"25":{"start":{"line":35,"column":27},"end":{"line":40,"column":1}},"26":{"start":{"line":36,"column":4},"end":{"line":38,"column":26}},"27":{"start":{"line":42,"column":24},"end":{"line":44,"column":1}},"28":{"start":{"line":43,"column":4},"end":{"line":43,"column":65}},"29":{"start":{"line":46,"column":16},"end":{"line":57,"column":1}},"30":{"start":{"line":47,"column":4},"end":{"line":55,"column":30}},"31":{"start":{"line":48,"column":39},"end":{"line":48,"column":74}},"32":{"start":{"line":49,"column":47},"end":{"line":49,"column":89}},"33":{"start":{"line":50,"column":49},"end":{"line":50,"column":93}},"34":{"start":{"line":51,"column":46},"end":{"line":51,"column":87}},"35":{"start":{"line":52,"column":44},"end":{"line":52,"column":83}},"36":{"start":{"line":53,"column":46},"end":{"line":53,"column":87}},"37":{"start":{"line":54,"column":43},"end":{"line":54,"column":81}},"38":{"start":{"line":55,"column":16},"end":{"line":55,"column":29}},"39":{"start":{"line":57,"column":2},"end":{"line":59,"column":8}}},"fnMap":{"0":{"name":"_interopRequireWildcard","decl":{"start":{"line":2,"column":56},"end":{"line":2,"column":79}},"loc":{"start":{"line":2,"column":85},"end":{"line":2,"column":303}},"line":2},"1":{"name":"(anonymous_1)","decl":{"start":{"line":10,"column":21},"end":{"line":10,"column":22}},"loc":{"start":{"line":10,"column":40},"end":{"line":12,"column":1}},"line":10},"2":{"name":"(anonymous_2)","decl":{"start":{"line":14,"column":28},"end":{"line":14,"column":29}},"loc":{"start":{"line":14,"column":47},"end":{"line":16,"column":1}},"line":14},"3":{"name":"(anonymous_3)","decl":{"start":{"line":18,"column":30},"end":{"line":18,"column":31}},"loc":{"start":{"line":18,"column":49},"end":{"line":25,"column":1}},"line":18},"4":{"name":"(anonymous_4)","decl":{"start":{"line":27,"column":27},"end":{"line":27,"column":28}},"loc":{"start":{"line":27,"column":46},"end":{"line":29,"column":1}},"line":27},"5":{"name":"(anonymous_5)","decl":{"start":{"line":31,"column":25},"end":{"line":31,"column":26}},"loc":{"start":{"line":31,"column":44},"end":{"line":33,"column":1}},"line":31},"6":{"name":"(anonymous_6)","decl":{"start":{"line":35,"column":27},"end":{"line":35,"column":28}},"loc":{"start":{"line":35,"column":46},"end":{"line":40,"column":1}},"line":35},"7":{"name":"(anonymous_7)","decl":{"start":{"line":42,"column":24},"end":{"line":42,"column":25}},"loc":{"start":{"line":42,"column":43},"end":{"line":44,"column":1}},"line":42},"8":{"name":"(anonymous_8)","decl":{"start":{"line":46,"column":16},"end":{"line":46,"column":17}},"loc":{"start":{"line":46,"column":50},"end":{"line":57,"column":1}},"line":46}},"branchMap":{"0":{"loc":{"start":{"line":2,"column":86},"end":{"line":2,"column":302}},"type":"if","locations":[{"start":{"line":2,"column":86},"end":{"line":2,"column":302}},{"start":{"line":2,"column":86},"end":{"line":2,"column":302}}],"line":2},"1":{"loc":{"start":{"line":2,"column":90},"end":{"line":2,"column":111}},"type":"binary-expr","locations":[{"start":{"line":2,"column":90},"end":{"line":2,"column":93}},{"start":{"line":2,"column":97},"end":{"line":2,"column":111}}],"line":2},"2":{"loc":{"start":{"line":2,"column":149},"end":{"line":2,"column":266}},"type":"if","locations":[{"start":{"line":2,"column":149},"end":{"line":2,"column":266}},{"start":{"line":2,"column":149},"end":{"line":2,"column":266}}],"line":2},"3":{"loc":{"start":{"line":2,"column":189},"end":{"line":2,"column":264}},"type":"if","locations":[{"start":{"line":2,"column":189},"end":{"line":2,"column":264}},{"start":{"line":2,"column":189},"end":{"line":2,"column":264}}],"line":2},"4":{"loc":{"start":{"line":46,"column":17},"end":{"line":46,"column":37}},"type":"default-arg","locations":[{"start":{"line":46,"column":25},"end":{"line":46,"column":37}}],"line":46},"5":{"loc":{"start":{"line":47,"column":4},"end":{"line":55,"column":30}},"type":"switch","locations":[{"start":{"line":48,"column":8},"end":{"line":48,"column":74}},{"start":{"line":49,"column":8},"end":{"line":49,"column":89}},{"start":{"line":50,"column":8},"end":{"line":50,"column":93}},{"start":{"line":51,"column":8},"end":{"line":51,"column":87}},{"start":{"line":52,"column":8},"end":{"line":52,"column":83}},{"start":{"line":53,"column":8},"end":{"line":53,"column":87}},{"start":{"line":54,"column":8},"end":{"line":54,"column":81}},{"start":{"line":55,"column":8},"end":{"line":55,"column":29}}],"line":47}},"s":{"0":0,"1":0,"2":0,"3":0,"4":0,"5":0,"6":0,"7":0,"8":0,"9":0,"10":0,"11":0,"12":0,"13":0,"14":0,"15":0,"16":0,"17":0,"18":0,"19":0,"20":0,"21":0,"22":0,"23":0,"24":0,"25":0,"26":0,"27":0,"28":0,"29":0,"30":0,"31":0,"32":0,"33":0,"34":0,"35":0,"36":0,"37":0,"38":0,"39":0},"f":{"0":0,"1":0,"2":0,"3":0,"4":0,"5":0,"6":0,"7":0,"8":0},"b":{"0":[0,0],"1":[0,0],"2":[0,0],"3":[0,0],"4":[0],"5":[0,0,0,0,0,0,0,0]}}
}
