TN:
SF:/home/akash/Documents/projects/React JS/testing--01-finished/src/App.js
FN:9,_interopRequireWildcard
FN:9,_interopRequireDefault
FN:11,(anonymous_2)
FN:12,(anonymous_3)
FN:15,(anonymous_4)
FN:16,(anonymous_5)
FN:19,(anonymous_6)
FN:20,(anonymous_7)
FN:24,(anonymous_8)
FN:28,(anonymous_9)
FN:60,(anonymous_10)
FN:66,(anonymous_11)
FN:68,(anonymous_12)
FNF:13
FNH:0
FNDA:0,_interopRequireWildcard
FNDA:0,_interopRequireDefault
FNDA:0,(anonymous_2)
FNDA:0,(anonymous_3)
FNDA:0,(anonymous_4)
FNDA:0,(anonymous_5)
FNDA:0,(anonymous_6)
FNDA:0,(anonymous_7)
FNDA:0,(anonymous_8)
FNDA:0,(anonymous_9)
FNDA:0,(anonymous_10)
FNDA:0,(anonymous_11)
FNDA:0,(anonymous_12)
DA:1,0
DA:2,0
DA:3,0
DA:4,0
DA:6,0
DA:7,0
DA:8,0
DA:9,0
DA:11,0
DA:12,0
DA:15,0
DA:16,0
DA:19,0
DA:20,0
DA:25,0
DA:30,0
DA:37,0
DA:38,0
DA:50,0
DA:60,0
DA:61,0
DA:66,0
DA:67,0
DA:68,0
DA:70,0
LF:25
LH:0
BRDA:9,0,0,0
BRDA:9,0,1,0
BRDA:9,1,0,0
BRDA:9,1,1,0
BRDA:9,2,0,0
BRDA:9,2,1,0
BRDA:9,3,0,0
BRDA:9,3,1,0
BRDA:9,4,0,0
BRDA:9,4,1,0
BRDA:9,5,0,0
BRDA:9,5,1,0
BRDA:37,6,0,0
BRDA:37,6,1,0
BRF:14
BRH:0
end_of_record
TN:
SF:/home/akash/Documents/projects/React JS/testing--01-finished/src/axios-orders.js
FNF:0
FNH:0
DA:3,6
LF:1
LH:1
BRF:0
BRH:0
end_of_record
TN:
SF:/home/akash/Documents/projects/React JS/testing--01-finished/src/index.js
FN:13,_interopRequireDefault
FNF:1
FNH:0
FNDA:0,_interopRequireDefault
DA:1,0
DA:2,0
DA:3,0
DA:4,0
DA:5,0
DA:6,0
DA:8,0
DA:9,0
DA:10,0
DA:11,0
DA:12,0
DA:13,0
DA:16,0
DA:20,0
DA:26,0
DA:32,0
DA:39,0
DA:40,0
LF:18
LH:0
BRDA:13,0,0,0
BRDA:13,0,1,0
BRDA:13,1,0,0
BRDA:13,1,1,0
BRDA:16,2,0,0
BRDA:16,2,1,0
BRDA:16,3,0,0
BRDA:16,3,1,0
BRF:8
BRH:0
end_of_record
TN:
SF:/home/akash/Documents/projects/React JS/testing--01-finished/src/registerServiceWorker.js
FN:111,register
FN:115,(anonymous_1)
FN:117,registerValidSW
FN:117,(anonymous_3)
FN:117,(anonymous_4)
FN:117,(anonymous_5)
FN:124,(anonymous_6)
FN:124,checkValidServiceWorker
FN:125,(anonymous_8)
FN:127,(anonymous_9)
FN:127,(anonymous_10)
FN:128,(anonymous_11)
FN:128,unregister
FN:128,(anonymous_13)
FNF:14
FNH:0
FNDA:0,register
FNDA:0,(anonymous_1)
FNDA:0,registerValidSW
FNDA:0,(anonymous_3)
FNDA:0,(anonymous_4)
FNDA:0,(anonymous_5)
FNDA:0,(anonymous_6)
FNDA:0,checkValidServiceWorker
FNDA:0,(anonymous_8)
FNDA:0,(anonymous_9)
FNDA:0,(anonymous_10)
FNDA:0,(anonymous_11)
FNDA:0,unregister
FNDA:0,(anonymous_13)
DA:1,0
DA:21,0
DA:109,0
DA:111,0
DA:112,0
DA:115,0
DA:116,0
DA:117,0
DA:121,0
DA:124,0
DA:125,0
DA:126,0
DA:127,0
DA:128,0
LF:14
LH:0
BRDA:109,0,0,0
BRDA:109,0,1,0
BRDA:109,0,2,0
BRDA:111,1,0,0
BRDA:111,1,1,0
BRDA:111,2,0,0
BRDA:111,2,1,0
BRDA:112,3,0,0
BRDA:112,3,1,0
BRDA:115,4,0,0
BRDA:115,4,1,0
BRDA:117,5,0,0
BRDA:117,5,1,0
BRDA:117,6,0,0
BRDA:117,6,1,0
BRDA:126,7,0,0
BRDA:126,7,1,0
BRDA:126,8,0,0
BRDA:126,8,1,0
BRDA:128,9,0,0
BRDA:128,9,1,0
BRF:21
BRH:0
end_of_record
TN:
SF:/home/akash/Documents/projects/React JS/testing--01-finished/src/components/Burger/Burger.js
FN:6,(anonymous_0)
FN:8,(anonymous_1)
FN:9,(anonymous_2)
FN:13,(anonymous_3)
FNF:4
FNH:4
FNDA:6,(anonymous_0)
FNDA:24,(anonymous_1)
FNDA:9,(anonymous_2)
FNDA:24,(anonymous_3)
DA:6,4
DA:7,6
DA:9,24
DA:10,9
DA:14,24
DA:16,6
DA:17,3
DA:22,6
LF:8
LH:8
BRDA:16,0,0,3
BRDA:16,0,1,3
BRF:2
BRH:2
end_of_record
TN:
SF:/home/akash/Documents/projects/React JS/testing--01-finished/src/components/Burger/BuildControls/BuildControls.js
FN:13,(anonymous_0)
FN:18,(anonymous_1)
FN:22,(anonymous_2)
FN:23,(anonymous_3)
FNF:4
FNH:2
FNDA:8,(anonymous_0)
FNDA:32,(anonymous_1)
FNDA:0,(anonymous_2)
FNDA:0,(anonymous_3)
DA:6,2
DA:13,2
DA:14,8
DA:19,32
DA:22,0
DA:23,0
LF:6
LH:4
BRDA:32,0,0,1
BRDA:32,0,1,7
BRF:2
BRH:2
end_of_record
TN:
SF:/home/akash/Documents/projects/React JS/testing--01-finished/src/components/Burger/BuildControls/BuildControl/BuildControl.js
FN:5,(anonymous_0)
FNF:1
FNH:1
FNDA:4,(anonymous_0)
DA:5,3
DA:6,4
LF:2
LH:2
BRF:0
BRH:0
end_of_record
TN:
SF:/home/akash/Documents/projects/React JS/testing--01-finished/src/components/Burger/BurgerIngredient/BurgerIngredient.js
FN:7,(anonymous_0)
FNF:1
FNH:1
FNDA:6,(anonymous_0)
DA:8,6
DA:10,6
DA:12,1
DA:13,1
DA:15,1
DA:21,1
DA:23,1
DA:24,1
DA:26,1
DA:27,1
DA:29,1
DA:30,1
DA:32,1
DA:33,1
DA:35,0
DA:38,6
DA:42,5
LF:17
LH:16
BRDA:10,0,0,1
BRDA:10,0,1,1
BRDA:10,0,2,1
BRDA:10,0,3,1
BRDA:10,0,4,1
BRDA:10,0,5,1
BRDA:10,0,6,0
BRF:7
BRH:6
end_of_record
TN:
SF:/home/akash/Documents/projects/React JS/testing--01-finished/src/components/Burger/OrderSummary/OrderSummary.js
FN:7,(anonymous_0)
FN:9,(anonymous_1)
FNF:2
FNH:2
FNDA:5,(anonymous_0)
FNDA:16,(anonymous_1)
DA:8,5
DA:10,16
DA:19,4
LF:3
LH:3
BRF:0
BRH:0
end_of_record
TN:
SF:/home/akash/Documents/projects/React JS/testing--01-finished/src/components/Logo/Logo.js
FN:6,(anonymous_0)
FNF:1
FNH:1
FNDA:4,(anonymous_0)
DA:6,4
DA:7,4
LF:2
LH:2
BRF:0
BRH:0
end_of_record
TN:
SF:/home/akash/Documents/projects/React JS/testing--01-finished/src/components/Navigation/NavigationItems/NavigationItems.js
FN:6,(anonymous_0)
FNF:1
FNH:1
FNDA:6,(anonymous_0)
DA:6,4
DA:7,6
LF:2
LH:2
BRDA:11,0,0,2
BRDA:11,0,1,4
BRDA:14,1,0,4
BRDA:14,1,1,2
BRF:4
BRH:4
end_of_record
TN:
SF:/home/akash/Documents/projects/React JS/testing--01-finished/src/components/Navigation/NavigationItems/NavigationItem/NavigationItem.js
FN:6,(anonymous_0)
FNF:1
FNH:1
FNDA:1,(anonymous_0)
DA:6,5
DA:7,1
LF:2
LH:2
BRF:0
BRH:0
end_of_record
TN:
SF:/home/akash/Documents/projects/React JS/testing--01-finished/src/components/Navigation/SideDrawer/SideDrawer.js
FN:9,(anonymous_0)
FNF:1
FNH:1
FNDA:7,(anonymous_0)
DA:9,2
DA:10,7
DA:11,7
DA:12,0
DA:14,7
LF:5
LH:4
BRDA:11,0,0,0
BRDA:11,0,1,7
BRF:2
BRH:1
end_of_record
TN:
SF:/home/akash/Documents/projects/React JS/testing--01-finished/src/components/Navigation/SideDrawer/DrawerToggle/DrawerToggle.js
FN:5,(anonymous_0)
FNF:1
FNH:1
FNDA:2,(anonymous_0)
DA:5,3
DA:6,2
LF:2
LH:2
BRF:0
BRH:0
end_of_record
TN:
SF:/home/akash/Documents/projects/React JS/testing--01-finished/src/components/Navigation/Toolbar/Toolbar.js
FN:8,(anonymous_0)
FNF:1
FNH:1
FNDA:2,(anonymous_0)
DA:8,2
DA:9,2
LF:2
LH:2
BRF:0
BRH:0
end_of_record
TN:
SF:/home/akash/Documents/projects/React JS/testing--01-finished/src/components/Order/Order.js
FN:5,(anonymous_0)
FN:16,(anonymous_1)
FNF:2
FNH:1
FNDA:4,(anonymous_0)
FNDA:0,(anonymous_1)
DA:5,2
DA:6,4
DA:8,4
DA:10,0
DA:16,4
DA:17,0
DA:32,4
DA:33,4
LF:8
LH:6
BRF:0
BRH:0
end_of_record
TN:
SF:/home/akash/Documents/projects/React JS/testing--01-finished/src/components/Order/CheckoutSummary/CheckoutSummary.js
FN:7,(anonymous_0)
FNF:1
FNH:1
FNDA:1,(anonymous_0)
DA:7,2
DA:8,1
LF:2
LH:2
BRF:0
BRH:0
end_of_record
TN:
SF:/home/akash/Documents/projects/React JS/testing--01-finished/src/components/UI/Backdrop/Backdrop.js
FN:5,(anonymous_0)
FNF:1
FNH:1
FNDA:5,(anonymous_0)
DA:5,9
DA:6,5
LF:2
LH:2
BRDA:6,0,0,1
BRDA:6,0,1,4
BRF:2
BRH:2
end_of_record
TN:
SF:/home/akash/Documents/projects/React JS/testing--01-finished/src/components/UI/Button/Button.js
FN:5,(anonymous_0)
FNF:1
FNH:1
FNDA:1,(anonymous_0)
DA:5,7
DA:6,1
LF:2
LH:2
BRF:0
BRH:0
end_of_record
TN:
SF:/home/akash/Documents/projects/React JS/testing--01-finished/src/components/UI/Input/Input.js
FN:5,(anonymous_0)
FN:41,(anonymous_1)
FNF:2
FNH:1
FNDA:1,(anonymous_0)
FNDA:0,(anonymous_1)
DA:5,4
DA:6,1
DA:7,1
DA:9,1
DA:10,0
DA:13,1
DA:15,0
DA:23,0
DA:25,0
DA:33,0
DA:35,0
DA:42,0
DA:48,0
DA:50,1
DA:60,1
LF:15
LH:7
BRDA:9,0,0,0
BRDA:9,0,1,1
BRDA:9,1,0,1
BRDA:9,1,1,0
BRDA:9,1,2,0
BRDA:13,2,0,0
BRDA:13,2,1,0
BRDA:13,2,2,0
BRDA:13,2,3,1
BRF:9
BRH:3
end_of_record
TN:
SF:/home/akash/Documents/projects/React JS/testing--01-finished/src/components/UI/Modal/Modal.js
FN:9,(anonymous_0)
FN:13,(anonymous_1)
FNF:2
FNH:2
FNDA:3,(anonymous_0)
FNDA:2,(anonymous_1)
DA:10,3
DA:14,2
LF:2
LH:2
BRDA:10,0,0,3
BRDA:10,0,1,2
BRDA:20,1,0,1
BRDA:20,1,1,1
BRDA:21,2,0,1
BRDA:21,2,1,1
BRF:6
BRH:6
end_of_record
TN:
SF:/home/akash/Documents/projects/React JS/testing--01-finished/src/components/UI/Spinner/Spinner.js
FN:5,(anonymous_0)
FNF:1
FNH:1
FNDA:1,(anonymous_0)
DA:5,6
DA:6,1
LF:2
LH:2
BRF:0
BRH:0
end_of_record
TN:
SF:/home/akash/Documents/projects/React JS/testing--01-finished/src/containers/Auth/Auth.js
FN:47,(anonymous_0)
FN:53,(anonymous_1)
FN:67,(anonymous_2)
FN:76,(anonymous_3)
FN:77,(anonymous_4)
FN:82,(anonymous_5)
FN:91,(anonymous_6)
FN:100,(anonymous_7)
FN:135,(anonymous_8)
FN:145,(anonymous_9)
FN:147,(anonymous_10)
FN:149,(anonymous_11)
FNF:12
FNH:3
FNDA:6,(anonymous_0)
FNDA:0,(anonymous_1)
FNDA:0,(anonymous_2)
FNDA:0,(anonymous_3)
FNDA:0,(anonymous_4)
FNDA:12,(anonymous_5)
FNDA:24,(anonymous_6)
FNDA:0,(anonymous_7)
FNDA:0,(anonymous_8)
FNDA:0,(anonymous_9)
FNDA:0,(anonymous_10)
FNDA:0,(anonymous_11)
DA:48,6
DA:49,6
DA:54,0
DA:64,0
DA:68,0
DA:69,0
DA:77,0
DA:78,0
DA:83,12
DA:84,12
DA:85,24
DA:91,12
DA:92,24
DA:100,0
DA:104,12
DA:105,1
DA:108,12
DA:110,12
DA:111,1
DA:114,12
DA:115,12
DA:116,1
DA:119,12
DA:135,1
DA:136,0
DA:145,1
DA:146,0
DA:148,0
DA:149,0
LF:29
LH:18
BRDA:48,0,0,6
BRDA:48,0,1,0
BRDA:48,1,0,6
BRDA:48,1,1,6
BRDA:104,2,0,1
BRDA:104,2,1,11
BRDA:110,3,0,1
BRDA:110,3,1,11
BRDA:115,4,0,1
BRDA:115,4,1,11
BRDA:128,5,0,12
BRDA:128,5,1,0
BRF:12
BRH:10
end_of_record
TN:
SF:/home/akash/Documents/projects/React JS/testing--01-finished/src/containers/Auth/Logout/Logout.js
FN:8,(anonymous_0)
FN:12,(anonymous_1)
FN:17,(anonymous_2)
FN:19,(anonymous_3)
FNF:4
FNH:2
FNDA:1,(anonymous_0)
FNDA:3,(anonymous_1)
FNDA:0,(anonymous_2)
FNDA:0,(anonymous_3)
DA:9,1
DA:13,3
DA:17,1
DA:18,0
DA:19,0
LF:5
LH:3
BRF:0
BRH:0
end_of_record
TN:
SF:/home/akash/Documents/projects/React JS/testing--01-finished/src/containers/BurgerBuilder/BurgerBuilder.js
FN:22,(anonymous_0)
FN:26,(anonymous_1)
FN:28,(anonymous_2)
FN:31,(anonymous_3)
FN:37,(anonymous_4)
FN:46,(anonymous_5)
FN:50,(anonymous_6)
FN:55,(anonymous_7)
FN:108,(anonymous_8)
FN:117,(anonymous_9)
FN:119,(anonymous_10)
FN:120,(anonymous_11)
FN:121,(anonymous_12)
FN:122,(anonymous_13)
FN:123,(anonymous_14)
FNF:15
FNH:5
FNDA:1,(anonymous_0)
FNDA:1,(anonymous_1)
FNDA:1,(anonymous_2)
FNDA:1,(anonymous_3)
FNDA:0,(anonymous_4)
FNDA:0,(anonymous_5)
FNDA:0,(anonymous_6)
FNDA:2,(anonymous_7)
FNDA:0,(anonymous_8)
FNDA:0,(anonymous_9)
FNDA:0,(anonymous_10)
FNDA:0,(anonymous_11)
FNDA:0,(anonymous_12)
FNDA:0,(anonymous_13)
FNDA:0,(anonymous_14)
DA:23,1
DA:27,1
DA:29,1
DA:32,1
DA:34,1
DA:38,0
DA:39,0
DA:41,0
DA:42,0
DA:47,0
DA:51,0
DA:52,0
DA:56,2
DA:59,2
DA:60,1
DA:62,2
DA:63,2
DA:69,2
DA:70,1
DA:84,1
DA:94,2
DA:108,1
DA:109,0
DA:117,1
DA:118,0
DA:119,0
DA:120,0
DA:121,0
DA:122,0
DA:123,0
LF:30
LH:16
BRDA:38,0,0,0
BRDA:38,0,1,0
BRDA:63,1,0,0
BRDA:63,1,1,2
BRDA:69,2,0,1
BRDA:69,2,1,1
BRF:6
BRH:3
end_of_record
TN:
SF:/home/akash/Documents/projects/React JS/testing--01-finished/src/containers/Checkout/Checkout.js
FN:9,(anonymous_0)
FN:13,(anonymous_1)
FN:17,(anonymous_2)
FN:42,(anonymous_3)
FNF:4
FNH:1
FNDA:0,(anonymous_0)
FNDA:0,(anonymous_1)
FNDA:10,(anonymous_2)
FNDA:0,(anonymous_3)
DA:10,0
DA:14,0
DA:18,10
DA:19,10
DA:20,4
DA:23,4
DA:38,10
DA:42,1
DA:43,0
LF:9
LH:6
BRDA:19,0,0,4
BRDA:19,0,1,6
BRDA:20,1,0,1
BRDA:20,1,1,3
BRF:4
BRH:4
end_of_record
TN:
SF:/home/akash/Documents/projects/React JS/testing--01-finished/src/containers/Checkout/ContactData/ContactData.js
FN:101,(anonymous_0)
FN:120,(anonymous_1)
FN:143,(anonymous_2)
FN:153,(anonymous_3)
FN:162,(anonymous_4)
FN:186,(anonymous_5)
FN:196,(anonymous_6)
FN:198,(anonymous_7)
FNF:8
FNH:2
FNDA:0,(anonymous_0)
FNDA:0,(anonymous_1)
FNDA:7,(anonymous_2)
FNDA:42,(anonymous_3)
FNDA:0,(anonymous_4)
FNDA:0,(anonymous_5)
FNDA:0,(anonymous_6)
FNDA:0,(anonymous_7)
DA:102,0
DA:104,0
DA:105,0
DA:106,0
DA:110,0
DA:117,0
DA:121,0
DA:132,0
DA:136,0
DA:137,0
DA:138,0
DA:140,0
DA:144,7
DA:145,7
DA:146,42
DA:152,7
DA:154,42
DA:162,0
DA:174,7
DA:175,1
DA:177,7
DA:186,2
DA:187,0
DA:196,2
DA:197,0
DA:199,0
LF:26
LH:10
BRDA:138,0,0,0
BRDA:138,0,1,0
BRDA:174,1,0,1
BRDA:174,1,1,6
BRF:4
BRH:2
end_of_record
TN:
SF:/home/akash/Documents/projects/React JS/testing--01-finished/src/containers/Orders/Orders.js
FN:11,(anonymous_0)
FN:15,(anonymous_1)
FN:18,(anonymous_2)
FN:30,(anonymous_3)
FN:39,(anonymous_4)
FN:41,(anonymous_5)
FNF:6
FNH:3
FNDA:2,(anonymous_0)
FNDA:4,(anonymous_1)
FNDA:2,(anonymous_2)
FNDA:0,(anonymous_3)
FNDA:0,(anonymous_4)
FNDA:0,(anonymous_5)
DA:12,2
DA:16,4
DA:17,4
DA:18,3
DA:19,2
DA:26,4
DA:30,1
DA:31,0
DA:39,1
DA:40,0
DA:42,0
LF:11
LH:8
BRDA:17,0,0,3
BRDA:17,0,1,1
BRF:2
BRH:2
end_of_record
TN:
SF:/home/akash/Documents/projects/React JS/testing--01-finished/src/hoc/Aux/Aux.js
FN:1,(anonymous_0)
FNF:1
FNH:1
FNDA:1,(anonymous_0)
DA:1,10
LF:1
LH:1
BRF:0
BRH:0
end_of_record
TN:
SF:/home/akash/Documents/projects/React JS/testing--01-finished/src/hoc/Layout/Layout.js
FN:14,(anonymous_0)
FN:18,(anonymous_1)
FN:19,(anonymous_2)
FN:24,(anonymous_3)
FN:42,(anonymous_4)
FNF:5
FNH:1
FNDA:0,(anonymous_0)
FNDA:0,(anonymous_1)
FNDA:0,(anonymous_2)
FNDA:2,(anonymous_3)
FNDA:0,(anonymous_4)
DA:15,0
DA:19,0
DA:20,0
DA:25,2
DA:42,1
DA:43,0
LF:6
LH:2
BRF:0
BRH:0
end_of_record
TN:
SF:/home/akash/Documents/projects/React JS/testing--01-finished/src/hoc/asyncComponent/asyncComponent.js
FN:1,_interopRequireDefault
FN:3,(anonymous_1)
FN:4,(anonymous_2)
FN:9,(anonymous_3)
FN:11,(anonymous_4)
FN:16,(anonymous_5)
FNF:6
FNH:0
FNDA:0,_interopRequireDefault
FNDA:0,(anonymous_1)
FNDA:0,(anonymous_2)
FNDA:0,(anonymous_3)
FNDA:0,(anonymous_4)
FNDA:0,(anonymous_5)
DA:1,0
DA:3,0
DA:4,0
DA:10,0
DA:12,0
DA:17,0
DA:19,0
DA:22,0
LF:8
LH:0
BRDA:1,0,0,0
BRDA:1,0,1,0
BRDA:1,1,0,0
BRDA:1,1,1,0
BRDA:19,2,0,0
BRDA:19,2,1,0
BRF:6
BRH:0
end_of_record
TN:
SF:/home/akash/Documents/projects/React JS/testing--01-finished/src/hoc/withErrorHandler/withErrorHandler.js
FN:6,(anonymous_0)
FN:12,(anonymous_1)
FN:13,(anonymous_2)
FN:17,(anonymous_3)
FN:17,(anonymous_4)
FN:22,(anonymous_5)
FN:27,(anonymous_6)
FN:31,(anonymous_7)
FNF:8
FNH:1
FNDA:5,(anonymous_0)
FNDA:0,(anonymous_1)
FNDA:0,(anonymous_2)
FNDA:0,(anonymous_3)
FNDA:0,(anonymous_4)
FNDA:0,(anonymous_5)
FNDA:0,(anonymous_6)
FNDA:0,(anonymous_7)
DA:6,5
DA:7,5
DA:13,0
DA:14,0
DA:15,0
DA:17,0
DA:18,0
DA:23,0
DA:24,0
DA:28,0
DA:32,0
LF:11
LH:2
BRDA:37,0,0,0
BRDA:37,0,1,0
BRF:2
BRH:0
end_of_record
TN:
SF:/home/akash/Documents/projects/React JS/testing--01-finished/src/shared/utility.js
FN:1,(anonymous_0)
FN:8,(anonymous_1)
FNF:2
FNH:1
FNDA:1,(anonymous_0)
FNDA:0,(anonymous_1)
DA:1,4
DA:2,1
DA:8,4
DA:9,0
DA:10,0
DA:11,0
DA:14,0
DA:15,0
DA:18,0
DA:19,0
DA:22,0
DA:23,0
DA:26,0
DA:27,0
DA:28,0
DA:31,0
DA:32,0
DA:33,0
DA:36,0
LF:19
LH:3
BRDA:10,0,0,0
BRDA:10,0,1,0
BRDA:14,1,0,0
BRDA:14,1,1,0
BRDA:15,2,0,0
BRDA:15,2,1,0
BRDA:18,3,0,0
BRDA:18,3,1,0
BRDA:19,4,0,0
BRDA:19,4,1,0
BRDA:22,5,0,0
BRDA:22,5,1,0
BRDA:23,6,0,0
BRDA:23,6,1,0
BRDA:26,7,0,0
BRDA:26,7,1,0
BRDA:28,8,0,0
BRDA:28,8,1,0
BRDA:31,9,0,0
BRDA:31,9,1,0
BRDA:33,10,0,0
BRDA:33,10,1,0
BRF:22
BRH:0
end_of_record
TN:
SF:/home/akash/Documents/projects/React JS/testing--01-finished/src/store/actions/actionTypes.js
FNF:0
FNH:0
DA:1,7
DA:2,7
DA:3,7
DA:4,7
DA:6,7
DA:7,7
DA:8,7
DA:9,7
DA:11,7
DA:12,7
DA:13,7
DA:15,7
DA:16,7
DA:17,7
DA:18,7
DA:20,7
LF:16
LH:16
BRF:0
BRH:0
end_of_record
TN:
SF:/home/akash/Documents/projects/React JS/testing--01-finished/src/store/actions/auth.js
FN:5,(anonymous_0)
FN:11,(anonymous_1)
FN:19,(anonymous_2)
FN:26,(anonymous_3)
FN:35,(anonymous_4)
FN:36,(anonymous_5)
FN:37,(anonymous_6)
FN:43,(anonymous_7)
FN:44,(anonymous_8)
FN:59,(anonymous_9)
FN:69,(anonymous_10)
FN:75,(anonymous_11)
FN:82,(anonymous_12)
FN:83,(anonymous_13)
FNF:14
FNH:0
FNDA:0,(anonymous_0)
FNDA:0,(anonymous_1)
FNDA:0,(anonymous_2)
FNDA:0,(anonymous_3)
FNDA:0,(anonymous_4)
FNDA:0,(anonymous_5)
FNDA:0,(anonymous_6)
FNDA:0,(anonymous_7)
FNDA:0,(anonymous_8)
FNDA:0,(anonymous_9)
FNDA:0,(anonymous_10)
FNDA:0,(anonymous_11)
FNDA:0,(anonymous_12)
FNDA:0,(anonymous_13)
DA:5,6
DA:6,0
DA:11,6
DA:12,0
DA:19,6
DA:20,0
DA:26,6
DA:27,0
DA:28,0
DA:29,0
DA:30,0
DA:35,6
DA:36,0
DA:37,0
DA:38,0
DA:43,6
DA:44,0
DA:45,0
DA:46,0
DA:52,0
DA:53,0
DA:54,0
DA:57,0
DA:60,0
DA:63,0
DA:64,0
DA:65,0
DA:66,0
DA:67,0
DA:70,0
DA:75,6
DA:76,0
DA:82,6
DA:83,0
DA:84,0
DA:85,0
DA:86,0
DA:88,0
DA:89,0
DA:90,0
DA:92,0
DA:93,0
DA:94,0
LF:43
LH:8
BRDA:53,0,0,0
BRDA:53,0,1,0
BRDA:85,1,0,0
BRDA:85,1,1,0
BRDA:89,2,0,0
BRDA:89,2,1,0
BRF:6
BRH:0
end_of_record
TN:
SF:/home/akash/Documents/projects/React JS/testing--01-finished/src/store/actions/burgerBuilder.js
FN:4,(anonymous_0)
FN:11,(anonymous_1)
FN:18,(anonymous_2)
FN:25,(anonymous_3)
FN:31,(anonymous_4)
FN:32,(anonymous_5)
FN:35,(anonymous_6)
FN:38,(anonymous_7)
FNF:8
FNH:0
FNDA:0,(anonymous_0)
FNDA:0,(anonymous_1)
FNDA:0,(anonymous_2)
FNDA:0,(anonymous_3)
FNDA:0,(anonymous_4)
FNDA:0,(anonymous_5)
FNDA:0,(anonymous_6)
FNDA:0,(anonymous_7)
DA:4,6
DA:5,0
DA:11,6
DA:12,0
DA:18,6
DA:19,0
DA:25,6
DA:26,0
DA:31,6
DA:32,0
DA:33,0
DA:36,0
DA:39,0
LF:13
LH:5
BRF:0
BRH:0
end_of_record
TN:
SF:/home/akash/Documents/projects/React JS/testing--01-finished/src/store/actions/index.js
FNF:0
FNH:0
LF:0
LH:0
BRF:0
BRH:0
end_of_record
TN:
SF:/home/akash/Documents/projects/React JS/testing--01-finished/src/store/actions/order.js
FN:4,(anonymous_0)
FN:12,(anonymous_1)
FN:19,(anonymous_2)
FN:25,(anonymous_3)
FN:26,(anonymous_4)
FN:30,(anonymous_5)
FN:33,(anonymous_6)
FN:39,(anonymous_7)
FN:45,(anonymous_8)
FN:52,(anonymous_9)
FN:59,(anonymous_10)
FN:65,(anonymous_11)
FN:66,(anonymous_12)
FN:72,(anonymous_13)
FN:82,(anonymous_14)
FNF:15
FNH:0
FNDA:0,(anonymous_0)
FNDA:0,(anonymous_1)
FNDA:0,(anonymous_2)
FNDA:0,(anonymous_3)
FNDA:0,(anonymous_4)
FNDA:0,(anonymous_5)
FNDA:0,(anonymous_6)
FNDA:0,(anonymous_7)
FNDA:0,(anonymous_8)
FNDA:0,(anonymous_9)
FNDA:0,(anonymous_10)
FNDA:0,(anonymous_11)
FNDA:0,(anonymous_12)
FNDA:0,(anonymous_13)
FNDA:0,(anonymous_14)
DA:4,6
DA:5,0
DA:12,6
DA:13,0
DA:19,6
DA:20,0
DA:25,6
DA:26,0
DA:27,0
DA:28,0
DA:31,0
DA:34,0
DA:39,6
DA:40,0
DA:45,6
DA:46,0
DA:52,6
DA:53,0
DA:59,6
DA:60,0
DA:65,6
DA:66,0
DA:67,0
DA:69,0
DA:70,0
DA:73,0
DA:74,0
DA:75,0
DA:80,0
DA:83,0
LF:30
LH:9
BRF:0
BRH:0
end_of_record
TN:
SF:/home/akash/Documents/projects/React JS/testing--01-finished/src/store/reducers/auth.js
FN:12,(anonymous_0)
FN:16,(anonymous_1)
FN:25,(anonymous_2)
FN:32,(anonymous_3)
FN:36,(anonymous_4)
FN:40,(anonymous_5)
FNF:6
FNH:2
FNDA:0,(anonymous_0)
FNDA:1,(anonymous_1)
FNDA:0,(anonymous_2)
FNDA:0,(anonymous_3)
FNDA:0,(anonymous_4)
FNDA:2,(anonymous_5)
DA:4,1
DA:12,1
DA:13,0
DA:16,1
DA:17,1
DA:25,1
DA:26,0
DA:32,1
DA:33,0
DA:36,1
DA:37,0
DA:40,1
DA:41,2
DA:42,0
DA:43,1
DA:44,0
DA:45,0
DA:46,0
DA:48,1
LF:19
LH:11
BRDA:40,0,0,1
BRDA:41,1,0,0
BRDA:41,1,1,1
BRDA:41,1,2,0
BRDA:41,1,3,0
BRDA:41,1,4,0
BRDA:41,1,5,1
BRF:7
BRH:3
end_of_record
TN:
SF:/home/akash/Documents/projects/React JS/testing--01-finished/src/store/reducers/burgerBuilder.js
FN:2,_interopRequireWildcard
FN:18,(anonymous_1)
FN:31,(anonymous_2)
FN:44,(anonymous_3)
FN:58,(anonymous_4)
FN:62,(anonymous_5)
FNF:6
FNH:0
FNDA:0,_interopRequireWildcard
FNDA:0,(anonymous_1)
FNDA:0,(anonymous_2)
FNDA:0,(anonymous_3)
FNDA:0,(anonymous_4)
FNDA:0,(anonymous_5)
DA:1,0
DA:2,0
DA:4,0
DA:11,0
DA:18,0
DA:19,0
DA:22,0
DA:23,0
DA:28,0
DA:31,0
DA:32,0
DA:35,0
DA:36,0
DA:41,0
DA:44,0
DA:45,0
DA:58,0
DA:59,0
DA:62,0
DA:63,0
DA:65,0
DA:67,0
DA:69,0
DA:71,0
DA:73,0
DA:75,0
LF:26
LH:0
BRDA:2,0,0,0
BRDA:2,0,1,0
BRDA:2,1,0,0
BRDA:2,1,1,0
BRDA:2,2,0,0
BRDA:2,2,1,0
BRDA:2,3,0,0
BRDA:2,3,1,0
BRDA:62,4,0,0
BRDA:63,5,0,0
BRDA:63,5,1,0
BRDA:63,5,2,0
BRDA:63,5,3,0
BRDA:63,5,4,0
BRF:14
BRH:0
end_of_record
TN:
SF:/home/akash/Documents/projects/React JS/testing--01-finished/src/store/reducers/order.js
FN:2,_interopRequireWildcard
FN:10,(anonymous_1)
FN:14,(anonymous_2)
FN:18,(anonymous_3)
FN:27,(anonymous_4)
FN:31,(anonymous_5)
FN:35,(anonymous_6)
FN:42,(anonymous_7)
FN:46,(anonymous_8)
FNF:9
FNH:0
FNDA:0,_interopRequireWildcard
FNDA:0,(anonymous_1)
FNDA:0,(anonymous_2)
FNDA:0,(anonymous_3)
FNDA:0,(anonymous_4)
FNDA:0,(anonymous_5)
FNDA:0,(anonymous_6)
FNDA:0,(anonymous_7)
FNDA:0,(anonymous_8)
DA:1,0
DA:2,0
DA:4,0
DA:10,0
DA:11,0
DA:14,0
DA:15,0
DA:18,0
DA:19,0
DA:20,0
DA:27,0
DA:28,0
DA:31,0
DA:32,0
DA:35,0
DA:36,0
DA:42,0
DA:43,0
DA:46,0
DA:47,0
DA:48,0
DA:49,0
DA:50,0
DA:51,0
DA:52,0
DA:53,0
DA:54,0
DA:55,0
DA:57,0
LF:29
LH:0
BRDA:2,0,0,0
BRDA:2,0,1,0
BRDA:2,1,0,0
BRDA:2,1,1,0
BRDA:2,2,0,0
BRDA:2,2,1,0
BRDA:2,3,0,0
BRDA:2,3,1,0
BRDA:46,4,0,0
BRDA:47,5,0,0
BRDA:47,5,1,0
BRDA:47,5,2,0
BRDA:47,5,3,0
BRDA:47,5,4,0
BRDA:47,5,5,0
BRDA:47,5,6,0
BRDA:47,5,7,0
BRF:17
BRH:0
end_of_record
